{"/home/fjorg/Projects/ProjectBD/api/app/controllers/test/admin/test_admin.js":{"path":"/home/fjorg/Projects/ProjectBD/api/app/controllers/test/admin/test_admin.js","statementMap":{"0":{"start":{"line":1,"column":16},"end":{"line":1,"column":34}},"1":{"start":{"line":2,"column":14},"end":{"line":2,"column":30}},"2":{"start":{"line":3,"column":15},"end":{"line":3,"column":29}},"3":{"start":{"line":5,"column":0},"end":{"line":37,"column":2}},"4":{"start":{"line":6,"column":4},"end":{"line":20,"column":6}},"5":{"start":{"line":7,"column":20},"end":{"line":12,"column":10}},"6":{"start":{"line":15,"column":8},"end":{"line":17,"column":11}},"7":{"start":{"line":19,"column":8},"end":{"line":19,"column":30}},"8":{"start":{"line":22,"column":4},"end":{"line":36,"column":6}},"9":{"start":{"line":23,"column":20},"end":{"line":29,"column":10}},"10":{"start":{"line":31,"column":8},"end":{"line":33,"column":11}},"11":{"start":{"line":35,"column":8},"end":{"line":35,"column":30}}},"fnMap":{"0":{"name":"(anonymous_0)","decl":{"start":{"line":5,"column":35},"end":{"line":5,"column":36}},"loc":{"start":{"line":5,"column":41},"end":{"line":37,"column":1}},"line":5},"1":{"name":"(anonymous_1)","decl":{"start":{"line":6,"column":38},"end":{"line":6,"column":39}},"loc":{"start":{"line":6,"column":50},"end":{"line":20,"column":5}},"line":6},"2":{"name":"(anonymous_2)","decl":{"start":{"line":22,"column":48},"end":{"line":22,"column":49}},"loc":{"start":{"line":22,"column":60},"end":{"line":36,"column":5}},"line":22}},"branchMap":{},"s":{"0":0,"1":0,"2":0,"3":0,"4":0,"5":0,"6":0,"7":0,"8":0,"9":0,"10":0,"11":0},"f":{"0":0,"1":0,"2":0},"b":{}},"/home/fjorg/Projects/ProjectBD/api/dist/app.js":{"path":"/home/fjorg/Projects/ProjectBD/api/dist/app.js","statementMap":{"0":{"start":{"line":2,"column":17},"end":{"line":7,"column":1}},"1":{"start":{"line":3,"column":12},"end":{"line":3,"column":28}},"2":{"start":{"line":3,"column":34},"end":{"line":3,"column":125}},"3":{"start":{"line":4,"column":4},"end":{"line":5,"column":150}},"4":{"start":{"line":4,"column":79},"end":{"line":4,"column":131}},"5":{"start":{"line":5,"column":9},"end":{"line":5,"column":150}},"6":{"start":{"line":5,"column":58},"end":{"line":5,"column":150}},"7":{"start":{"line":5,"column":81},"end":{"line":5,"column":150}},"8":{"start":{"line":6,"column":4},"end":{"line":6,"column":66}},"9":{"start":{"line":8,"column":22},"end":{"line":10,"column":1}},"10":{"start":{"line":9,"column":4},"end":{"line":9,"column":62}},"11":{"start":{"line":11,"column":0},"end":{"line":11,"column":62}},"12":{"start":{"line":12,"column":23},"end":{"line":12,"column":46}},"13":{"start":{"line":13,"column":0},"end":{"line":13,"column":28}},"14":{"start":{"line":14,"column":30},"end":{"line":14,"column":60}},"15":{"start":{"line":15,"column":17},"end":{"line":15,"column":34}},"16":{"start":{"line":16,"column":26},"end":{"line":16,"column":87}},"17":{"start":{"line":17,"column":26},"end":{"line":17,"column":87}},"18":{"start":{"line":18,"column":27},"end":{"line":18,"column":89}},"19":{"start":{"line":19,"column":27},"end":{"line":19,"column":89}},"20":{"start":{"line":20,"column":28},"end":{"line":20,"column":91}},"21":{"start":{"line":21,"column":32},"end":{"line":21,"column":99}},"22":{"start":{"line":22,"column":26},"end":{"line":22,"column":88}},"23":{"start":{"line":23,"column":28},"end":{"line":23,"column":92}},"24":{"start":{"line":24,"column":32},"end":{"line":24,"column":100}},"25":{"start":{"line":25,"column":0},"end":{"line":25,"column":55}},"26":{"start":{"line":26,"column":25},"end":{"line":34,"column":1}},"27":{"start":{"line":28,"column":8},"end":{"line":31,"column":51}},"28":{"start":{"line":29,"column":12},"end":{"line":29,"column":55}},"29":{"start":{"line":30,"column":13},"end":{"line":31,"column":51}},"30":{"start":{"line":31,"column":12},"end":{"line":31,"column":51}},"31":{"start":{"line":32,"column":8},"end":{"line":32,"column":20}},"32":{"start":{"line":35,"column":0},"end":{"line":37,"column":23}},"33":{"start":{"line":38,"column":0},"end":{"line":38,"column":48}},"34":{"start":{"line":39,"column":12},"end":{"line":78,"column":2}},"35":{"start":{"line":46,"column":22},"end":{"line":46,"column":48}},"36":{"start":{"line":47,"column":8},"end":{"line":65,"column":9}},"37":{"start":{"line":48,"column":28},"end":{"line":48,"column":71}},"38":{"start":{"line":49,"column":12},"end":{"line":53,"column":13}},"39":{"start":{"line":50,"column":30},"end":{"line":50,"column":105}},"40":{"start":{"line":51,"column":16},"end":{"line":51,"column":35}},"41":{"start":{"line":52,"column":16},"end":{"line":52,"column":38}},"42":{"start":{"line":54,"column":12},"end":{"line":57,"column":13}},"43":{"start":{"line":55,"column":32},"end":{"line":55,"column":109}},"44":{"start":{"line":56,"column":16},"end":{"line":56,"column":40}},"45":{"start":{"line":58,"column":12},"end":{"line":61,"column":13}},"46":{"start":{"line":59,"column":36},"end":{"line":59,"column":117}},"47":{"start":{"line":60,"column":16},"end":{"line":60,"column":44}},"48":{"start":{"line":64,"column":12},"end":{"line":64,"column":25}},"49":{"start":{"line":66,"column":8},"end":{"line":66,"column":21}},"50":{"start":{"line":69,"column":22},"end":{"line":69,"column":48}},"51":{"start":{"line":70,"column":8},"end":{"line":76,"column":9}},"52":{"start":{"line":71,"column":28},"end":{"line":71,"column":71}},"53":{"start":{"line":72,"column":12},"end":{"line":72,"column":27}},"54":{"start":{"line":75,"column":12},"end":{"line":75,"column":24}},"55":{"start":{"line":79,"column":0},"end":{"line":81,"column":3}},"56":{"start":{"line":80,"column":4},"end":{"line":80,"column":47}}},"fnMap":{"0":{"name":"(anonymous_0)","decl":{"start":{"line":2,"column":46},"end":{"line":2,"column":47}},"loc":{"start":{"line":2,"column":87},"end":{"line":7,"column":1}},"line":2},"1":{"name":"(anonymous_1)","decl":{"start":{"line":8,"column":56},"end":{"line":8,"column":57}},"loc":{"start":{"line":8,"column":71},"end":{"line":10,"column":1}},"line":8},"2":{"name":"(anonymous_2)","decl":{"start":{"line":27,"column":4},"end":{"line":27,"column":5}},"loc":{"start":{"line":27,"column":42},"end":{"line":33,"column":5}},"line":27},"3":{"name":"(anonymous_3)","decl":{"start":{"line":45,"column":26},"end":{"line":45,"column":27}},"loc":{"start":{"line":45,"column":51},"end":{"line":67,"column":5}},"line":45},"4":{"name":"(anonymous_4)","decl":{"start":{"line":68,"column":24},"end":{"line":68,"column":25}},"loc":{"start":{"line":68,"column":49},"end":{"line":77,"column":5}},"line":68},"5":{"name":"(anonymous_5)","decl":{"start":{"line":79,"column":17},"end":{"line":79,"column":18}},"loc":{"start":{"line":79,"column":29},"end":{"line":81,"column":1}},"line":79}},"branchMap":{"0":{"loc":{"start":{"line":2,"column":17},"end":{"line":7,"column":1}},"type":"binary-expr","locations":[{"start":{"line":2,"column":18},"end":{"line":2,"column":22}},{"start":{"line":2,"column":26},"end":{"line":2,"column":41}},{"start":{"line":2,"column":46},"end":{"line":7,"column":1}}],"line":2},"1":{"loc":{"start":{"line":3,"column":34},"end":{"line":3,"column":125}},"type":"cond-expr","locations":[{"start":{"line":3,"column":42},"end":{"line":3,"column":48}},{"start":{"line":3,"column":51},"end":{"line":3,"column":125}}],"line":3},"2":{"loc":{"start":{"line":3,"column":51},"end":{"line":3,"column":125}},"type":"cond-expr","locations":[{"start":{"line":3,"column":67},"end":{"line":3,"column":118}},{"start":{"line":3,"column":121},"end":{"line":3,"column":125}}],"line":3},"3":{"loc":{"start":{"line":4,"column":4},"end":{"line":5,"column":150}},"type":"if","locations":[{"start":{"line":4,"column":4},"end":{"line":5,"column":150}},{"start":{"line":4,"column":4},"end":{"line":5,"column":150}}],"line":4},"4":{"loc":{"start":{"line":4,"column":8},"end":{"line":4,"column":77}},"type":"binary-expr","locations":[{"start":{"line":4,"column":8},"end":{"line":4,"column":35}},{"start":{"line":4,"column":39},"end":{"line":4,"column":77}}],"line":4},"5":{"loc":{"start":{"line":5,"column":58},"end":{"line":5,"column":150}},"type":"if","locations":[{"start":{"line":5,"column":58},"end":{"line":5,"column":150}},{"start":{"line":5,"column":58},"end":{"line":5,"column":150}}],"line":5},"6":{"loc":{"start":{"line":5,"column":85},"end":{"line":5,"column":149}},"type":"binary-expr","locations":[{"start":{"line":5,"column":86},"end":{"line":5,"column":143}},{"start":{"line":5,"column":148},"end":{"line":5,"column":149}}],"line":5},"7":{"loc":{"start":{"line":5,"column":86},"end":{"line":5,"column":143}},"type":"cond-expr","locations":[{"start":{"line":5,"column":94},"end":{"line":5,"column":98}},{"start":{"line":5,"column":101},"end":{"line":5,"column":143}}],"line":5},"8":{"loc":{"start":{"line":5,"column":101},"end":{"line":5,"column":143}},"type":"cond-expr","locations":[{"start":{"line":5,"column":109},"end":{"line":5,"column":126}},{"start":{"line":5,"column":129},"end":{"line":5,"column":143}}],"line":5},"9":{"loc":{"start":{"line":6,"column":11},"end":{"line":6,"column":62}},"type":"binary-expr","locations":[{"start":{"line":6,"column":11},"end":{"line":6,"column":16}},{"start":{"line":6,"column":20},"end":{"line":6,"column":21}},{"start":{"line":6,"column":25},"end":{"line":6,"column":62}}],"line":6},"10":{"loc":{"start":{"line":8,"column":22},"end":{"line":10,"column":1}},"type":"binary-expr","locations":[{"start":{"line":8,"column":23},"end":{"line":8,"column":27}},{"start":{"line":8,"column":31},"end":{"line":8,"column":51}},{"start":{"line":8,"column":56},"end":{"line":10,"column":1}}],"line":8},"11":{"loc":{"start":{"line":9,"column":11},"end":{"line":9,"column":61}},"type":"cond-expr","locations":[{"start":{"line":9,"column":37},"end":{"line":9,"column":40}},{"start":{"line":9,"column":43},"end":{"line":9,"column":61}}],"line":9},"12":{"loc":{"start":{"line":9,"column":12},"end":{"line":9,"column":33}},"type":"binary-expr","locations":[{"start":{"line":9,"column":12},"end":{"line":9,"column":15}},{"start":{"line":9,"column":19},"end":{"line":9,"column":33}}],"line":9},"13":{"loc":{"start":{"line":28,"column":8},"end":{"line":31,"column":51}},"type":"if","locations":[{"start":{"line":28,"column":8},"end":{"line":31,"column":51}},{"start":{"line":28,"column":8},"end":{"line":31,"column":51}}],"line":28},"14":{"loc":{"start":{"line":30,"column":13},"end":{"line":31,"column":51}},"type":"if","locations":[{"start":{"line":30,"column":13},"end":{"line":31,"column":51}},{"start":{"line":30,"column":13},"end":{"line":31,"column":51}}],"line":30},"15":{"loc":{"start":{"line":49,"column":12},"end":{"line":53,"column":13}},"type":"if","locations":[{"start":{"line":49,"column":12},"end":{"line":53,"column":13}},{"start":{"line":49,"column":12},"end":{"line":53,"column":13}}],"line":49},"16":{"loc":{"start":{"line":54,"column":12},"end":{"line":57,"column":13}},"type":"if","locations":[{"start":{"line":54,"column":12},"end":{"line":57,"column":13}},{"start":{"line":54,"column":12},"end":{"line":57,"column":13}}],"line":54},"17":{"loc":{"start":{"line":58,"column":12},"end":{"line":61,"column":13}},"type":"if","locations":[{"start":{"line":58,"column":12},"end":{"line":61,"column":13}},{"start":{"line":58,"column":12},"end":{"line":61,"column":13}}],"line":58}},"s":{"0":0,"1":0,"2":0,"3":0,"4":0,"5":0,"6":0,"7":0,"8":0,"9":0,"10":0,"11":0,"12":0,"13":0,"14":0,"15":0,"16":0,"17":0,"18":0,"19":0,"20":0,"21":0,"22":0,"23":0,"24":0,"25":0,"26":0,"27":0,"28":0,"29":0,"30":0,"31":0,"32":0,"33":0,"34":0,"35":0,"36":0,"37":0,"38":0,"39":0,"40":0,"41":0,"42":0,"43":0,"44":0,"45":0,"46":0,"47":0,"48":0,"49":0,"50":0,"51":0,"52":0,"53":0,"54":0,"55":0,"56":0},"f":{"0":0,"1":0,"2":0,"3":0,"4":0,"5":0},"b":{"0":[0,0,0],"1":[0,0],"2":[0,0],"3":[0,0],"4":[0,0],"5":[0,0],"6":[0,0],"7":[0,0],"8":[0,0],"9":[0,0,0],"10":[0,0,0],"11":[0,0],"12":[0,0],"13":[0,0],"14":[0,0],"15":[0,0],"16":[0,0],"17":[0,0]}},"/home/fjorg/Projects/ProjectBD/api/dist/app/controllers/AdminController.js":{"path":"/home/fjorg/Projects/ProjectBD/api/dist/app/controllers/AdminController.js","statementMap":{"0":{"start":{"line":2,"column":17},"end":{"line":7,"column":1}},"1":{"start":{"line":3,"column":12},"end":{"line":3,"column":28}},"2":{"start":{"line":3,"column":34},"end":{"line":3,"column":125}},"3":{"start":{"line":4,"column":4},"end":{"line":5,"column":150}},"4":{"start":{"line":4,"column":79},"end":{"line":4,"column":131}},"5":{"start":{"line":5,"column":9},"end":{"line":5,"column":150}},"6":{"start":{"line":5,"column":58},"end":{"line":5,"column":150}},"7":{"start":{"line":5,"column":81},"end":{"line":5,"column":150}},"8":{"start":{"line":6,"column":4},"end":{"line":6,"column":66}},"9":{"start":{"line":8,"column":17},"end":{"line":10,"column":1}},"10":{"start":{"line":9,"column":4},"end":{"line":9,"column":109}},"11":{"start":{"line":9,"column":79},"end":{"line":9,"column":109}},"12":{"start":{"line":11,"column":14},"end":{"line":13,"column":1}},"13":{"start":{"line":12,"column":4},"end":{"line":12,"column":73}},"14":{"start":{"line":12,"column":36},"end":{"line":12,"column":71}},"15":{"start":{"line":14,"column":22},"end":{"line":16,"column":1}},"16":{"start":{"line":15,"column":4},"end":{"line":15,"column":62}},"17":{"start":{"line":17,"column":0},"end":{"line":17,"column":62}},"18":{"start":{"line":18,"column":17},"end":{"line":18,"column":34}},"19":{"start":{"line":19,"column":26},"end":{"line":19,"column":52}},"20":{"start":{"line":20,"column":23},"end":{"line":20,"column":46}},"21":{"start":{"line":21,"column":30},"end":{"line":21,"column":60}},"22":{"start":{"line":22,"column":17},"end":{"line":22,"column":34}},"23":{"start":{"line":23,"column":24},"end":{"line":23,"column":75}},"24":{"start":{"line":24,"column":26},"end":{"line":24,"column":85}},"25":{"start":{"line":33,"column":8},"end":{"line":33,"column":22}},"26":{"start":{"line":34,"column":8},"end":{"line":34,"column":23}},"27":{"start":{"line":35,"column":8},"end":{"line":35,"column":24}},"28":{"start":{"line":36,"column":8},"end":{"line":36,"column":24}},"29":{"start":{"line":39,"column":0},"end":{"line":44,"column":43}},"30":{"start":{"line":45,"column":0},"end":{"line":49,"column":44}},"31":{"start":{"line":50,"column":0},"end":{"line":55,"column":45}},"32":{"start":{"line":56,"column":0},"end":{"line":60,"column":45}},"33":{"start":{"line":63,"column":8},"end":{"line":63,"column":24}},"34":{"start":{"line":64,"column":8},"end":{"line":64,"column":24}},"35":{"start":{"line":67,"column":0},"end":{"line":72,"column":44}},"36":{"start":{"line":73,"column":0},"end":{"line":77,"column":44}},"37":{"start":{"line":78,"column":22},"end":{"line":244,"column":1}},"38":{"start":{"line":105,"column":22},"end":{"line":105,"column":66}},"39":{"start":{"line":106,"column":8},"end":{"line":107,"column":48}},"40":{"start":{"line":107,"column":12},"end":{"line":107,"column":48}},"41":{"start":{"line":108,"column":8},"end":{"line":113,"column":10}},"42":{"start":{"line":150,"column":20},"end":{"line":150,"column":68}},"43":{"start":{"line":151,"column":8},"end":{"line":152,"column":49}},"44":{"start":{"line":152,"column":12},"end":{"line":152,"column":49}},"45":{"start":{"line":153,"column":26},"end":{"line":153,"column":62}},"46":{"start":{"line":154,"column":8},"end":{"line":154,"column":88}},"47":{"start":{"line":155,"column":25},"end":{"line":155,"column":62}},"48":{"start":{"line":156,"column":8},"end":{"line":157,"column":41}},"49":{"start":{"line":157,"column":12},"end":{"line":157,"column":41}},"50":{"start":{"line":158,"column":8},"end":{"line":158,"column":35}},"51":{"start":{"line":187,"column":20},"end":{"line":187,"column":68}},"52":{"start":{"line":188,"column":8},"end":{"line":189,"column":56}},"53":{"start":{"line":189,"column":12},"end":{"line":189,"column":56}},"54":{"start":{"line":190,"column":22},"end":{"line":190,"column":68}},"55":{"start":{"line":191,"column":8},"end":{"line":192,"column":56}},"56":{"start":{"line":192,"column":12},"end":{"line":192,"column":56}},"57":{"start":{"line":193,"column":22},"end":{"line":193,"column":69}},"58":{"start":{"line":194,"column":8},"end":{"line":194,"column":34}},"59":{"start":{"line":234,"column":22},"end":{"line":234,"column":66}},"60":{"start":{"line":235,"column":8},"end":{"line":236,"column":48}},"61":{"start":{"line":236,"column":12},"end":{"line":236,"column":48}},"62":{"start":{"line":237,"column":8},"end":{"line":237,"column":30}},"63":{"start":{"line":238,"column":8},"end":{"line":238,"column":32}},"64":{"start":{"line":239,"column":8},"end":{"line":239,"column":59}},"65":{"start":{"line":240,"column":8},"end":{"line":240,"column":28}},"66":{"start":{"line":241,"column":8},"end":{"line":241,"column":59}},"67":{"start":{"line":242,"column":8},"end":{"line":242,"column":35}},"68":{"start":{"line":245,"column":0},"end":{"line":248,"column":57}},"69":{"start":{"line":249,"column":0},"end":{"line":256,"column":43}},"70":{"start":{"line":257,"column":0},"end":{"line":263,"column":46}},"71":{"start":{"line":264,"column":0},"end":{"line":270,"column":46}},"72":{"start":{"line":271,"column":0},"end":{"line":279,"column":46}},"73":{"start":{"line":280,"column":0},"end":{"line":282,"column":20}},"74":{"start":{"line":283,"column":0},"end":{"line":283,"column":34}}},"fnMap":{"0":{"name":"(anonymous_0)","decl":{"start":{"line":2,"column":46},"end":{"line":2,"column":47}},"loc":{"start":{"line":2,"column":87},"end":{"line":7,"column":1}},"line":2},"1":{"name":"(anonymous_1)","decl":{"start":{"line":8,"column":46},"end":{"line":8,"column":47}},"loc":{"start":{"line":8,"column":62},"end":{"line":10,"column":1}},"line":8},"2":{"name":"(anonymous_2)","decl":{"start":{"line":11,"column":40},"end":{"line":11,"column":41}},"loc":{"start":{"line":11,"column":73},"end":{"line":13,"column":1}},"line":11},"3":{"name":"(anonymous_3)","decl":{"start":{"line":12,"column":11},"end":{"line":12,"column":12}},"loc":{"start":{"line":12,"column":34},"end":{"line":12,"column":73}},"line":12},"4":{"name":"(anonymous_4)","decl":{"start":{"line":14,"column":56},"end":{"line":14,"column":57}},"loc":{"start":{"line":14,"column":71},"end":{"line":16,"column":1}},"line":14},"5":{"name":"(anonymous_5)","decl":{"start":{"line":32,"column":4},"end":{"line":32,"column":5}},"loc":{"start":{"line":32,"column":18},"end":{"line":37,"column":5}},"line":32},"6":{"name":"(anonymous_6)","decl":{"start":{"line":62,"column":4},"end":{"line":62,"column":5}},"loc":{"start":{"line":62,"column":18},"end":{"line":65,"column":5}},"line":62},"7":{"name":"(anonymous_7)","decl":{"start":{"line":104,"column":4},"end":{"line":104,"column":5}},"loc":{"start":{"line":104,"column":21},"end":{"line":114,"column":5}},"line":104},"8":{"name":"(anonymous_8)","decl":{"start":{"line":149,"column":4},"end":{"line":149,"column":5}},"loc":{"start":{"line":149,"column":22},"end":{"line":159,"column":5}},"line":149},"9":{"name":"(anonymous_9)","decl":{"start":{"line":186,"column":4},"end":{"line":186,"column":5}},"loc":{"start":{"line":186,"column":22},"end":{"line":195,"column":5}},"line":186},"10":{"name":"(anonymous_10)","decl":{"start":{"line":233,"column":4},"end":{"line":233,"column":5}},"loc":{"start":{"line":233,"column":29},"end":{"line":243,"column":5}},"line":233}},"branchMap":{"0":{"loc":{"start":{"line":2,"column":17},"end":{"line":7,"column":1}},"type":"binary-expr","locations":[{"start":{"line":2,"column":18},"end":{"line":2,"column":22}},{"start":{"line":2,"column":26},"end":{"line":2,"column":41}},{"start":{"line":2,"column":46},"end":{"line":7,"column":1}}],"line":2},"1":{"loc":{"start":{"line":3,"column":34},"end":{"line":3,"column":125}},"type":"cond-expr","locations":[{"start":{"line":3,"column":42},"end":{"line":3,"column":48}},{"start":{"line":3,"column":51},"end":{"line":3,"column":125}}],"line":3},"2":{"loc":{"start":{"line":3,"column":51},"end":{"line":3,"column":125}},"type":"cond-expr","locations":[{"start":{"line":3,"column":67},"end":{"line":3,"column":118}},{"start":{"line":3,"column":121},"end":{"line":3,"column":125}}],"line":3},"3":{"loc":{"start":{"line":4,"column":4},"end":{"line":5,"column":150}},"type":"if","locations":[{"start":{"line":4,"column":4},"end":{"line":5,"column":150}},{"start":{"line":4,"column":4},"end":{"line":5,"column":150}}],"line":4},"4":{"loc":{"start":{"line":4,"column":8},"end":{"line":4,"column":77}},"type":"binary-expr","locations":[{"start":{"line":4,"column":8},"end":{"line":4,"column":35}},{"start":{"line":4,"column":39},"end":{"line":4,"column":77}}],"line":4},"5":{"loc":{"start":{"line":5,"column":58},"end":{"line":5,"column":150}},"type":"if","locations":[{"start":{"line":5,"column":58},"end":{"line":5,"column":150}},{"start":{"line":5,"column":58},"end":{"line":5,"column":150}}],"line":5},"6":{"loc":{"start":{"line":5,"column":85},"end":{"line":5,"column":149}},"type":"binary-expr","locations":[{"start":{"line":5,"column":86},"end":{"line":5,"column":143}},{"start":{"line":5,"column":148},"end":{"line":5,"column":149}}],"line":5},"7":{"loc":{"start":{"line":5,"column":86},"end":{"line":5,"column":143}},"type":"cond-expr","locations":[{"start":{"line":5,"column":94},"end":{"line":5,"column":98}},{"start":{"line":5,"column":101},"end":{"line":5,"column":143}}],"line":5},"8":{"loc":{"start":{"line":5,"column":101},"end":{"line":5,"column":143}},"type":"cond-expr","locations":[{"start":{"line":5,"column":109},"end":{"line":5,"column":126}},{"start":{"line":5,"column":129},"end":{"line":5,"column":143}}],"line":5},"9":{"loc":{"start":{"line":6,"column":11},"end":{"line":6,"column":62}},"type":"binary-expr","locations":[{"start":{"line":6,"column":11},"end":{"line":6,"column":16}},{"start":{"line":6,"column":20},"end":{"line":6,"column":21}},{"start":{"line":6,"column":25},"end":{"line":6,"column":62}}],"line":6},"10":{"loc":{"start":{"line":8,"column":17},"end":{"line":10,"column":1}},"type":"binary-expr","locations":[{"start":{"line":8,"column":18},"end":{"line":8,"column":22}},{"start":{"line":8,"column":26},"end":{"line":8,"column":41}},{"start":{"line":8,"column":46},"end":{"line":10,"column":1}}],"line":8},"11":{"loc":{"start":{"line":9,"column":4},"end":{"line":9,"column":109}},"type":"if","locations":[{"start":{"line":9,"column":4},"end":{"line":9,"column":109}},{"start":{"line":9,"column":4},"end":{"line":9,"column":109}}],"line":9},"12":{"loc":{"start":{"line":9,"column":8},"end":{"line":9,"column":77}},"type":"binary-expr","locations":[{"start":{"line":9,"column":8},"end":{"line":9,"column":35}},{"start":{"line":9,"column":39},"end":{"line":9,"column":77}}],"line":9},"13":{"loc":{"start":{"line":11,"column":14},"end":{"line":13,"column":1}},"type":"binary-expr","locations":[{"start":{"line":11,"column":15},"end":{"line":11,"column":19}},{"start":{"line":11,"column":23},"end":{"line":11,"column":35}},{"start":{"line":11,"column":40},"end":{"line":13,"column":1}}],"line":11},"14":{"loc":{"start":{"line":14,"column":22},"end":{"line":16,"column":1}},"type":"binary-expr","locations":[{"start":{"line":14,"column":23},"end":{"line":14,"column":27}},{"start":{"line":14,"column":31},"end":{"line":14,"column":51}},{"start":{"line":14,"column":56},"end":{"line":16,"column":1}}],"line":14},"15":{"loc":{"start":{"line":15,"column":11},"end":{"line":15,"column":61}},"type":"cond-expr","locations":[{"start":{"line":15,"column":37},"end":{"line":15,"column":40}},{"start":{"line":15,"column":43},"end":{"line":15,"column":61}}],"line":15},"16":{"loc":{"start":{"line":15,"column":12},"end":{"line":15,"column":33}},"type":"binary-expr","locations":[{"start":{"line":15,"column":12},"end":{"line":15,"column":15}},{"start":{"line":15,"column":19},"end":{"line":15,"column":33}}],"line":15},"17":{"loc":{"start":{"line":106,"column":8},"end":{"line":107,"column":48}},"type":"if","locations":[{"start":{"line":106,"column":8},"end":{"line":107,"column":48}},{"start":{"line":106,"column":8},"end":{"line":107,"column":48}}],"line":106},"18":{"loc":{"start":{"line":151,"column":8},"end":{"line":152,"column":49}},"type":"if","locations":[{"start":{"line":151,"column":8},"end":{"line":152,"column":49}},{"start":{"line":151,"column":8},"end":{"line":152,"column":49}}],"line":151},"19":{"loc":{"start":{"line":156,"column":8},"end":{"line":157,"column":41}},"type":"if","locations":[{"start":{"line":156,"column":8},"end":{"line":157,"column":41}},{"start":{"line":156,"column":8},"end":{"line":157,"column":41}}],"line":156},"20":{"loc":{"start":{"line":188,"column":8},"end":{"line":189,"column":56}},"type":"if","locations":[{"start":{"line":188,"column":8},"end":{"line":189,"column":56}},{"start":{"line":188,"column":8},"end":{"line":189,"column":56}}],"line":188},"21":{"loc":{"start":{"line":191,"column":8},"end":{"line":192,"column":56}},"type":"if","locations":[{"start":{"line":191,"column":8},"end":{"line":192,"column":56}},{"start":{"line":191,"column":8},"end":{"line":192,"column":56}}],"line":191},"22":{"loc":{"start":{"line":235,"column":8},"end":{"line":236,"column":48}},"type":"if","locations":[{"start":{"line":235,"column":8},"end":{"line":236,"column":48}},{"start":{"line":235,"column":8},"end":{"line":236,"column":48}}],"line":235}},"s":{"0":0,"1":0,"2":0,"3":0,"4":0,"5":0,"6":0,"7":0,"8":0,"9":0,"10":0,"11":0,"12":0,"13":0,"14":0,"15":0,"16":0,"17":0,"18":0,"19":0,"20":0,"21":0,"22":0,"23":0,"24":0,"25":0,"26":0,"27":0,"28":0,"29":0,"30":0,"31":0,"32":0,"33":0,"34":0,"35":0,"36":0,"37":0,"38":0,"39":0,"40":0,"41":0,"42":0,"43":0,"44":0,"45":0,"46":0,"47":0,"48":0,"49":0,"50":0,"51":0,"52":0,"53":0,"54":0,"55":0,"56":0,"57":0,"58":0,"59":0,"60":0,"61":0,"62":0,"63":0,"64":0,"65":0,"66":0,"67":0,"68":0,"69":0,"70":0,"71":0,"72":0,"73":0,"74":0},"f":{"0":0,"1":0,"2":0,"3":0,"4":0,"5":0,"6":0,"7":0,"8":0,"9":0,"10":0},"b":{"0":[0,0,0],"1":[0,0],"2":[0,0],"3":[0,0],"4":[0,0],"5":[0,0],"6":[0,0],"7":[0,0],"8":[0,0],"9":[0,0,0],"10":[0,0,0],"11":[0,0],"12":[0,0],"13":[0,0,0],"14":[0,0,0],"15":[0,0],"16":[0,0],"17":[0,0],"18":[0,0],"19":[0,0],"20":[0,0],"21":[0,0],"22":[0,0]}},"/home/fjorg/Projects/ProjectBD/api/dist/app/controllers/AlbumController.js":{"path":"/home/fjorg/Projects/ProjectBD/api/dist/app/controllers/AlbumController.js","statementMap":{"0":{"start":{"line":2,"column":17},"end":{"line":7,"column":1}},"1":{"start":{"line":3,"column":12},"end":{"line":3,"column":28}},"2":{"start":{"line":3,"column":34},"end":{"line":3,"column":125}},"3":{"start":{"line":4,"column":4},"end":{"line":5,"column":150}},"4":{"start":{"line":4,"column":79},"end":{"line":4,"column":131}},"5":{"start":{"line":5,"column":9},"end":{"line":5,"column":150}},"6":{"start":{"line":5,"column":58},"end":{"line":5,"column":150}},"7":{"start":{"line":5,"column":81},"end":{"line":5,"column":150}},"8":{"start":{"line":6,"column":4},"end":{"line":6,"column":66}},"9":{"start":{"line":8,"column":17},"end":{"line":10,"column":1}},"10":{"start":{"line":9,"column":4},"end":{"line":9,"column":109}},"11":{"start":{"line":9,"column":79},"end":{"line":9,"column":109}},"12":{"start":{"line":11,"column":14},"end":{"line":13,"column":1}},"13":{"start":{"line":12,"column":4},"end":{"line":12,"column":73}},"14":{"start":{"line":12,"column":36},"end":{"line":12,"column":71}},"15":{"start":{"line":14,"column":22},"end":{"line":16,"column":1}},"16":{"start":{"line":15,"column":4},"end":{"line":15,"column":62}},"17":{"start":{"line":17,"column":0},"end":{"line":17,"column":62}},"18":{"start":{"line":18,"column":26},"end":{"line":18,"column":52}},"19":{"start":{"line":19,"column":30},"end":{"line":19,"column":60}},"20":{"start":{"line":20,"column":17},"end":{"line":20,"column":34}},"21":{"start":{"line":21,"column":16},"end":{"line":21,"column":59}},"22":{"start":{"line":22,"column":28},"end":{"line":22,"column":83}},"23":{"start":{"line":23,"column":26},"end":{"line":23,"column":85}},"24":{"start":{"line":24,"column":27},"end":{"line":24,"column":87}},"25":{"start":{"line":25,"column":38},"end":{"line":25,"column":109}},"26":{"start":{"line":26,"column":32},"end":{"line":26,"column":97}},"27":{"start":{"line":34,"column":8},"end":{"line":34,"column":23}},"28":{"start":{"line":35,"column":8},"end":{"line":35,"column":25}},"29":{"start":{"line":36,"column":8},"end":{"line":36,"column":30}},"30":{"start":{"line":37,"column":8},"end":{"line":37,"column":24}},"31":{"start":{"line":40,"column":0},"end":{"line":44,"column":43}},"32":{"start":{"line":45,"column":0},"end":{"line":48,"column":46}},"33":{"start":{"line":49,"column":0},"end":{"line":52,"column":47}},"34":{"start":{"line":53,"column":0},"end":{"line":56,"column":45}},"35":{"start":{"line":59,"column":8},"end":{"line":59,"column":23}},"36":{"start":{"line":60,"column":8},"end":{"line":60,"column":23}},"37":{"start":{"line":61,"column":8},"end":{"line":61,"column":30}},"38":{"start":{"line":62,"column":8},"end":{"line":62,"column":28}},"39":{"start":{"line":65,"column":0},"end":{"line":68,"column":44}},"40":{"start":{"line":69,"column":0},"end":{"line":73,"column":44}},"41":{"start":{"line":74,"column":0},"end":{"line":78,"column":51}},"42":{"start":{"line":79,"column":0},"end":{"line":82,"column":49}},"43":{"start":{"line":83,"column":0},"end":{"line":87,"column":47}},"44":{"start":{"line":88,"column":22},"end":{"line":191,"column":1}},"45":{"start":{"line":144,"column":28},"end":{"line":144,"column":78}},"46":{"start":{"line":145,"column":8},"end":{"line":146,"column":54}},"47":{"start":{"line":146,"column":12},"end":{"line":146,"column":54}},"48":{"start":{"line":147,"column":22},"end":{"line":147,"column":112}},"49":{"start":{"line":148,"column":8},"end":{"line":148,"column":57}},"50":{"start":{"line":149,"column":33},"end":{"line":149,"column":35}},"51":{"start":{"line":150,"column":36},"end":{"line":150,"column":38}},"52":{"start":{"line":151,"column":8},"end":{"line":163,"column":9}},"53":{"start":{"line":152,"column":25},"end":{"line":152,"column":71}},"54":{"start":{"line":153,"column":12},"end":{"line":162,"column":13}},"55":{"start":{"line":154,"column":31},"end":{"line":154,"column":99}},"56":{"start":{"line":155,"column":16},"end":{"line":155,"column":42}},"57":{"start":{"line":156,"column":16},"end":{"line":156,"column":44}},"58":{"start":{"line":157,"column":16},"end":{"line":157,"column":79}},"59":{"start":{"line":158,"column":16},"end":{"line":158,"column":49}},"60":{"start":{"line":161,"column":16},"end":{"line":161,"column":52}},"61":{"start":{"line":164,"column":8},"end":{"line":167,"column":10}},"62":{"start":{"line":170,"column":22},"end":{"line":170,"column":60}},"63":{"start":{"line":171,"column":8},"end":{"line":172,"column":48}},"64":{"start":{"line":172,"column":12},"end":{"line":172,"column":48}},"65":{"start":{"line":173,"column":8},"end":{"line":173,"column":30}},"66":{"start":{"line":174,"column":8},"end":{"line":174,"column":40}},"67":{"start":{"line":175,"column":8},"end":{"line":175,"column":44}},"68":{"start":{"line":176,"column":8},"end":{"line":176,"column":30}},"69":{"start":{"line":177,"column":8},"end":{"line":177,"column":35}},"70":{"start":{"line":180,"column":22},"end":{"line":180,"column":60}},"71":{"start":{"line":181,"column":8},"end":{"line":182,"column":48}},"72":{"start":{"line":182,"column":12},"end":{"line":182,"column":48}},"73":{"start":{"line":183,"column":28},"end":{"line":183,"column":78}},"74":{"start":{"line":184,"column":8},"end":{"line":185,"column":54}},"75":{"start":{"line":185,"column":12},"end":{"line":185,"column":54}},"76":{"start":{"line":186,"column":8},"end":{"line":187,"column":47}},"77":{"start":{"line":187,"column":12},"end":{"line":187,"column":47}},"78":{"start":{"line":188,"column":8},"end":{"line":188,"column":46}},"79":{"start":{"line":189,"column":8},"end":{"line":189,"column":35}},"80":{"start":{"line":192,"column":0},"end":{"line":195,"column":57}},"81":{"start":{"line":196,"column":0},"end":{"line":199,"column":63}},"82":{"start":{"line":200,"column":0},"end":{"line":203,"column":58}},"83":{"start":{"line":204,"column":0},"end":{"line":207,"column":69}},"84":{"start":{"line":208,"column":0},"end":{"line":216,"column":51}},"85":{"start":{"line":217,"column":0},"end":{"line":225,"column":46}},"86":{"start":{"line":226,"column":0},"end":{"line":234,"column":46}},"87":{"start":{"line":235,"column":0},"end":{"line":237,"column":20}},"88":{"start":{"line":238,"column":0},"end":{"line":238,"column":34}}},"fnMap":{"0":{"name":"(anonymous_0)","decl":{"start":{"line":2,"column":46},"end":{"line":2,"column":47}},"loc":{"start":{"line":2,"column":87},"end":{"line":7,"column":1}},"line":2},"1":{"name":"(anonymous_1)","decl":{"start":{"line":8,"column":46},"end":{"line":8,"column":47}},"loc":{"start":{"line":8,"column":62},"end":{"line":10,"column":1}},"line":8},"2":{"name":"(anonymous_2)","decl":{"start":{"line":11,"column":40},"end":{"line":11,"column":41}},"loc":{"start":{"line":11,"column":73},"end":{"line":13,"column":1}},"line":11},"3":{"name":"(anonymous_3)","decl":{"start":{"line":12,"column":11},"end":{"line":12,"column":12}},"loc":{"start":{"line":12,"column":34},"end":{"line":12,"column":73}},"line":12},"4":{"name":"(anonymous_4)","decl":{"start":{"line":14,"column":56},"end":{"line":14,"column":57}},"loc":{"start":{"line":14,"column":71},"end":{"line":16,"column":1}},"line":14},"5":{"name":"(anonymous_5)","decl":{"start":{"line":33,"column":4},"end":{"line":33,"column":5}},"loc":{"start":{"line":33,"column":18},"end":{"line":38,"column":5}},"line":33},"6":{"name":"(anonymous_6)","decl":{"start":{"line":58,"column":4},"end":{"line":58,"column":5}},"loc":{"start":{"line":58,"column":18},"end":{"line":63,"column":5}},"line":58},"7":{"name":"(anonymous_7)","decl":{"start":{"line":143,"column":4},"end":{"line":143,"column":5}},"loc":{"start":{"line":143,"column":34},"end":{"line":168,"column":5}},"line":143},"8":{"name":"(anonymous_8)","decl":{"start":{"line":169,"column":4},"end":{"line":169,"column":5}},"loc":{"start":{"line":169,"column":26},"end":{"line":178,"column":5}},"line":169},"9":{"name":"(anonymous_9)","decl":{"start":{"line":179,"column":4},"end":{"line":179,"column":5}},"loc":{"start":{"line":179,"column":28},"end":{"line":190,"column":5}},"line":179}},"branchMap":{"0":{"loc":{"start":{"line":2,"column":17},"end":{"line":7,"column":1}},"type":"binary-expr","locations":[{"start":{"line":2,"column":18},"end":{"line":2,"column":22}},{"start":{"line":2,"column":26},"end":{"line":2,"column":41}},{"start":{"line":2,"column":46},"end":{"line":7,"column":1}}],"line":2},"1":{"loc":{"start":{"line":3,"column":34},"end":{"line":3,"column":125}},"type":"cond-expr","locations":[{"start":{"line":3,"column":42},"end":{"line":3,"column":48}},{"start":{"line":3,"column":51},"end":{"line":3,"column":125}}],"line":3},"2":{"loc":{"start":{"line":3,"column":51},"end":{"line":3,"column":125}},"type":"cond-expr","locations":[{"start":{"line":3,"column":67},"end":{"line":3,"column":118}},{"start":{"line":3,"column":121},"end":{"line":3,"column":125}}],"line":3},"3":{"loc":{"start":{"line":4,"column":4},"end":{"line":5,"column":150}},"type":"if","locations":[{"start":{"line":4,"column":4},"end":{"line":5,"column":150}},{"start":{"line":4,"column":4},"end":{"line":5,"column":150}}],"line":4},"4":{"loc":{"start":{"line":4,"column":8},"end":{"line":4,"column":77}},"type":"binary-expr","locations":[{"start":{"line":4,"column":8},"end":{"line":4,"column":35}},{"start":{"line":4,"column":39},"end":{"line":4,"column":77}}],"line":4},"5":{"loc":{"start":{"line":5,"column":58},"end":{"line":5,"column":150}},"type":"if","locations":[{"start":{"line":5,"column":58},"end":{"line":5,"column":150}},{"start":{"line":5,"column":58},"end":{"line":5,"column":150}}],"line":5},"6":{"loc":{"start":{"line":5,"column":85},"end":{"line":5,"column":149}},"type":"binary-expr","locations":[{"start":{"line":5,"column":86},"end":{"line":5,"column":143}},{"start":{"line":5,"column":148},"end":{"line":5,"column":149}}],"line":5},"7":{"loc":{"start":{"line":5,"column":86},"end":{"line":5,"column":143}},"type":"cond-expr","locations":[{"start":{"line":5,"column":94},"end":{"line":5,"column":98}},{"start":{"line":5,"column":101},"end":{"line":5,"column":143}}],"line":5},"8":{"loc":{"start":{"line":5,"column":101},"end":{"line":5,"column":143}},"type":"cond-expr","locations":[{"start":{"line":5,"column":109},"end":{"line":5,"column":126}},{"start":{"line":5,"column":129},"end":{"line":5,"column":143}}],"line":5},"9":{"loc":{"start":{"line":6,"column":11},"end":{"line":6,"column":62}},"type":"binary-expr","locations":[{"start":{"line":6,"column":11},"end":{"line":6,"column":16}},{"start":{"line":6,"column":20},"end":{"line":6,"column":21}},{"start":{"line":6,"column":25},"end":{"line":6,"column":62}}],"line":6},"10":{"loc":{"start":{"line":8,"column":17},"end":{"line":10,"column":1}},"type":"binary-expr","locations":[{"start":{"line":8,"column":18},"end":{"line":8,"column":22}},{"start":{"line":8,"column":26},"end":{"line":8,"column":41}},{"start":{"line":8,"column":46},"end":{"line":10,"column":1}}],"line":8},"11":{"loc":{"start":{"line":9,"column":4},"end":{"line":9,"column":109}},"type":"if","locations":[{"start":{"line":9,"column":4},"end":{"line":9,"column":109}},{"start":{"line":9,"column":4},"end":{"line":9,"column":109}}],"line":9},"12":{"loc":{"start":{"line":9,"column":8},"end":{"line":9,"column":77}},"type":"binary-expr","locations":[{"start":{"line":9,"column":8},"end":{"line":9,"column":35}},{"start":{"line":9,"column":39},"end":{"line":9,"column":77}}],"line":9},"13":{"loc":{"start":{"line":11,"column":14},"end":{"line":13,"column":1}},"type":"binary-expr","locations":[{"start":{"line":11,"column":15},"end":{"line":11,"column":19}},{"start":{"line":11,"column":23},"end":{"line":11,"column":35}},{"start":{"line":11,"column":40},"end":{"line":13,"column":1}}],"line":11},"14":{"loc":{"start":{"line":14,"column":22},"end":{"line":16,"column":1}},"type":"binary-expr","locations":[{"start":{"line":14,"column":23},"end":{"line":14,"column":27}},{"start":{"line":14,"column":31},"end":{"line":14,"column":51}},{"start":{"line":14,"column":56},"end":{"line":16,"column":1}}],"line":14},"15":{"loc":{"start":{"line":15,"column":11},"end":{"line":15,"column":61}},"type":"cond-expr","locations":[{"start":{"line":15,"column":37},"end":{"line":15,"column":40}},{"start":{"line":15,"column":43},"end":{"line":15,"column":61}}],"line":15},"16":{"loc":{"start":{"line":15,"column":12},"end":{"line":15,"column":33}},"type":"binary-expr","locations":[{"start":{"line":15,"column":12},"end":{"line":15,"column":15}},{"start":{"line":15,"column":19},"end":{"line":15,"column":33}}],"line":15},"17":{"loc":{"start":{"line":145,"column":8},"end":{"line":146,"column":54}},"type":"if","locations":[{"start":{"line":145,"column":8},"end":{"line":146,"column":54}},{"start":{"line":145,"column":8},"end":{"line":146,"column":54}}],"line":145},"18":{"loc":{"start":{"line":153,"column":12},"end":{"line":162,"column":13}},"type":"if","locations":[{"start":{"line":153,"column":12},"end":{"line":162,"column":13}},{"start":{"line":153,"column":12},"end":{"line":162,"column":13}}],"line":153},"19":{"loc":{"start":{"line":171,"column":8},"end":{"line":172,"column":48}},"type":"if","locations":[{"start":{"line":171,"column":8},"end":{"line":172,"column":48}},{"start":{"line":171,"column":8},"end":{"line":172,"column":48}}],"line":171},"20":{"loc":{"start":{"line":181,"column":8},"end":{"line":182,"column":48}},"type":"if","locations":[{"start":{"line":181,"column":8},"end":{"line":182,"column":48}},{"start":{"line":181,"column":8},"end":{"line":182,"column":48}}],"line":181},"21":{"loc":{"start":{"line":184,"column":8},"end":{"line":185,"column":54}},"type":"if","locations":[{"start":{"line":184,"column":8},"end":{"line":185,"column":54}},{"start":{"line":184,"column":8},"end":{"line":185,"column":54}}],"line":184},"22":{"loc":{"start":{"line":186,"column":8},"end":{"line":187,"column":47}},"type":"if","locations":[{"start":{"line":186,"column":8},"end":{"line":187,"column":47}},{"start":{"line":186,"column":8},"end":{"line":187,"column":47}}],"line":186}},"s":{"0":0,"1":0,"2":0,"3":0,"4":0,"5":0,"6":0,"7":0,"8":0,"9":0,"10":0,"11":0,"12":0,"13":0,"14":0,"15":0,"16":0,"17":0,"18":0,"19":0,"20":0,"21":0,"22":0,"23":0,"24":0,"25":0,"26":0,"27":0,"28":0,"29":0,"30":0,"31":0,"32":0,"33":0,"34":0,"35":0,"36":0,"37":0,"38":0,"39":0,"40":0,"41":0,"42":0,"43":0,"44":0,"45":0,"46":0,"47":0,"48":0,"49":0,"50":0,"51":0,"52":0,"53":0,"54":0,"55":0,"56":0,"57":0,"58":0,"59":0,"60":0,"61":0,"62":0,"63":0,"64":0,"65":0,"66":0,"67":0,"68":0,"69":0,"70":0,"71":0,"72":0,"73":0,"74":0,"75":0,"76":0,"77":0,"78":0,"79":0,"80":0,"81":0,"82":0,"83":0,"84":0,"85":0,"86":0,"87":0,"88":0},"f":{"0":0,"1":0,"2":0,"3":0,"4":0,"5":0,"6":0,"7":0,"8":0,"9":0},"b":{"0":[0,0,0],"1":[0,0],"2":[0,0],"3":[0,0],"4":[0,0],"5":[0,0],"6":[0,0],"7":[0,0],"8":[0,0],"9":[0,0,0],"10":[0,0,0],"11":[0,0],"12":[0,0],"13":[0,0,0],"14":[0,0,0],"15":[0,0],"16":[0,0],"17":[0,0],"18":[0,0],"19":[0,0],"20":[0,0],"21":[0,0],"22":[0,0]}},"/home/fjorg/Projects/ProjectBD/api/dist/app/controllers/GeneroController.js":{"path":"/home/fjorg/Projects/ProjectBD/api/dist/app/controllers/GeneroController.js","statementMap":{"0":{"start":{"line":2,"column":17},"end":{"line":7,"column":1}},"1":{"start":{"line":3,"column":12},"end":{"line":3,"column":28}},"2":{"start":{"line":3,"column":34},"end":{"line":3,"column":125}},"3":{"start":{"line":4,"column":4},"end":{"line":5,"column":150}},"4":{"start":{"line":4,"column":79},"end":{"line":4,"column":131}},"5":{"start":{"line":5,"column":9},"end":{"line":5,"column":150}},"6":{"start":{"line":5,"column":58},"end":{"line":5,"column":150}},"7":{"start":{"line":5,"column":81},"end":{"line":5,"column":150}},"8":{"start":{"line":6,"column":4},"end":{"line":6,"column":66}},"9":{"start":{"line":8,"column":17},"end":{"line":10,"column":1}},"10":{"start":{"line":9,"column":4},"end":{"line":9,"column":109}},"11":{"start":{"line":9,"column":79},"end":{"line":9,"column":109}},"12":{"start":{"line":11,"column":14},"end":{"line":13,"column":1}},"13":{"start":{"line":12,"column":4},"end":{"line":12,"column":73}},"14":{"start":{"line":12,"column":36},"end":{"line":12,"column":71}},"15":{"start":{"line":14,"column":13},"end":{"line":22,"column":1}},"16":{"start":{"line":15,"column":12},"end":{"line":15,"column":14}},"17":{"start":{"line":16,"column":4},"end":{"line":17,"column":20}},"18":{"start":{"line":16,"column":21},"end":{"line":17,"column":20}},"19":{"start":{"line":17,"column":8},"end":{"line":17,"column":20}},"20":{"start":{"line":18,"column":4},"end":{"line":20,"column":30}},"21":{"start":{"line":19,"column":8},"end":{"line":20,"column":30}},"22":{"start":{"line":19,"column":80},"end":{"line":20,"column":30}},"23":{"start":{"line":20,"column":12},"end":{"line":20,"column":30}},"24":{"start":{"line":21,"column":4},"end":{"line":21,"column":13}},"25":{"start":{"line":23,"column":22},"end":{"line":25,"column":1}},"26":{"start":{"line":24,"column":4},"end":{"line":24,"column":62}},"27":{"start":{"line":26,"column":0},"end":{"line":26,"column":62}},"28":{"start":{"line":27,"column":26},"end":{"line":27,"column":52}},"29":{"start":{"line":28,"column":30},"end":{"line":28,"column":60}},"30":{"start":{"line":29,"column":17},"end":{"line":29,"column":34}},"31":{"start":{"line":30,"column":15},"end":{"line":30,"column":30}},"32":{"start":{"line":31,"column":17},"end":{"line":31,"column":61}},"33":{"start":{"line":32,"column":26},"end":{"line":32,"column":85}},"34":{"start":{"line":33,"column":27},"end":{"line":33,"column":87}},"35":{"start":{"line":36,"column":8},"end":{"line":36,"column":20}},"36":{"start":{"line":37,"column":8},"end":{"line":37,"column":23}},"37":{"start":{"line":40,"column":0},"end":{"line":43,"column":42}},"38":{"start":{"line":44,"column":0},"end":{"line":48,"column":44}},"39":{"start":{"line":53,"column":23},"end":{"line":279,"column":1}},"40":{"start":{"line":87,"column":8},"end":{"line":88,"column":45}},"41":{"start":{"line":88,"column":12},"end":{"line":88,"column":45}},"42":{"start":{"line":89,"column":22},"end":{"line":89,"column":66}},"43":{"start":{"line":90,"column":8},"end":{"line":91,"column":48}},"44":{"start":{"line":91,"column":12},"end":{"line":91,"column":48}},"45":{"start":{"line":92,"column":23},"end":{"line":92,"column":62}},"46":{"start":{"line":93,"column":8},"end":{"line":94,"column":49}},"47":{"start":{"line":94,"column":12},"end":{"line":94,"column":49}},"48":{"start":{"line":95,"column":8},"end":{"line":98,"column":10}},"49":{"start":{"line":133,"column":22},"end":{"line":133,"column":66}},"50":{"start":{"line":134,"column":8},"end":{"line":135,"column":48}},"51":{"start":{"line":135,"column":12},"end":{"line":135,"column":48}},"52":{"start":{"line":136,"column":24},"end":{"line":136,"column":60}},"53":{"start":{"line":137,"column":8},"end":{"line":140,"column":17}},"54":{"start":{"line":138,"column":42},"end":{"line":138,"column":44}},"55":{"start":{"line":138,"column":54},"end":{"line":138,"column":85}},"56":{"start":{"line":139,"column":16},"end":{"line":139,"column":29}},"57":{"start":{"line":178,"column":8},"end":{"line":179,"column":47}},"58":{"start":{"line":179,"column":12},"end":{"line":179,"column":47}},"59":{"start":{"line":180,"column":22},"end":{"line":180,"column":66}},"60":{"start":{"line":181,"column":8},"end":{"line":182,"column":48}},"61":{"start":{"line":182,"column":12},"end":{"line":182,"column":48}},"62":{"start":{"line":183,"column":23},"end":{"line":183,"column":52}},"63":{"start":{"line":184,"column":8},"end":{"line":184,"column":42}},"64":{"start":{"line":185,"column":8},"end":{"line":185,"column":48}},"65":{"start":{"line":186,"column":8},"end":{"line":186,"column":35}},"66":{"start":{"line":226,"column":22},"end":{"line":226,"column":66}},"67":{"start":{"line":227,"column":8},"end":{"line":228,"column":48}},"68":{"start":{"line":228,"column":12},"end":{"line":228,"column":48}},"69":{"start":{"line":229,"column":23},"end":{"line":229,"column":66}},"70":{"start":{"line":230,"column":8},"end":{"line":231,"column":49}},"71":{"start":{"line":231,"column":12},"end":{"line":231,"column":49}},"72":{"start":{"line":232,"column":8},"end":{"line":232,"column":31}},"73":{"start":{"line":233,"column":8},"end":{"line":233,"column":59}},"74":{"start":{"line":234,"column":8},"end":{"line":234,"column":35}},"75":{"start":{"line":268,"column":8},"end":{"line":269,"column":45}},"76":{"start":{"line":269,"column":12},"end":{"line":269,"column":45}},"77":{"start":{"line":270,"column":22},"end":{"line":270,"column":66}},"78":{"start":{"line":271,"column":8},"end":{"line":272,"column":48}},"79":{"start":{"line":272,"column":12},"end":{"line":272,"column":48}},"80":{"start":{"line":273,"column":23},"end":{"line":273,"column":62}},"81":{"start":{"line":274,"column":8},"end":{"line":275,"column":49}},"82":{"start":{"line":275,"column":12},"end":{"line":275,"column":49}},"83":{"start":{"line":276,"column":8},"end":{"line":276,"column":47}},"84":{"start":{"line":277,"column":8},"end":{"line":277,"column":35}},"85":{"start":{"line":280,"column":0},"end":{"line":283,"column":59}},"86":{"start":{"line":284,"column":0},"end":{"line":287,"column":58}},"87":{"start":{"line":288,"column":0},"end":{"line":296,"column":44}},"88":{"start":{"line":297,"column":0},"end":{"line":304,"column":47}},"89":{"start":{"line":305,"column":0},"end":{"line":313,"column":47}},"90":{"start":{"line":314,"column":0},"end":{"line":322,"column":47}},"91":{"start":{"line":323,"column":0},"end":{"line":331,"column":47}},"92":{"start":{"line":332,"column":0},"end":{"line":334,"column":21}},"93":{"start":{"line":335,"column":0},"end":{"line":335,"column":35}}},"fnMap":{"0":{"name":"(anonymous_0)","decl":{"start":{"line":2,"column":46},"end":{"line":2,"column":47}},"loc":{"start":{"line":2,"column":87},"end":{"line":7,"column":1}},"line":2},"1":{"name":"(anonymous_1)","decl":{"start":{"line":8,"column":46},"end":{"line":8,"column":47}},"loc":{"start":{"line":8,"column":62},"end":{"line":10,"column":1}},"line":8},"2":{"name":"(anonymous_2)","decl":{"start":{"line":11,"column":40},"end":{"line":11,"column":41}},"loc":{"start":{"line":11,"column":73},"end":{"line":13,"column":1}},"line":11},"3":{"name":"(anonymous_3)","decl":{"start":{"line":12,"column":11},"end":{"line":12,"column":12}},"loc":{"start":{"line":12,"column":34},"end":{"line":12,"column":73}},"line":12},"4":{"name":"(anonymous_4)","decl":{"start":{"line":14,"column":38},"end":{"line":14,"column":39}},"loc":{"start":{"line":14,"column":54},"end":{"line":22,"column":1}},"line":14},"5":{"name":"(anonymous_5)","decl":{"start":{"line":23,"column":56},"end":{"line":23,"column":57}},"loc":{"start":{"line":23,"column":71},"end":{"line":25,"column":1}},"line":23},"6":{"name":"(anonymous_6)","decl":{"start":{"line":35,"column":4},"end":{"line":35,"column":5}},"loc":{"start":{"line":35,"column":18},"end":{"line":38,"column":5}},"line":35},"7":{"name":"(anonymous_7)","decl":{"start":{"line":86,"column":4},"end":{"line":86,"column":5}},"loc":{"start":{"line":86,"column":25},"end":{"line":99,"column":5}},"line":86},"8":{"name":"(anonymous_8)","decl":{"start":{"line":132,"column":4},"end":{"line":132,"column":5}},"loc":{"start":{"line":132,"column":24},"end":{"line":141,"column":5}},"line":132},"9":{"name":"(anonymous_9)","decl":{"start":{"line":137,"column":40},"end":{"line":137,"column":41}},"loc":{"start":{"line":137,"column":48},"end":{"line":140,"column":13}},"line":137},"10":{"name":"(anonymous_10)","decl":{"start":{"line":177,"column":4},"end":{"line":177,"column":5}},"loc":{"start":{"line":177,"column":30},"end":{"line":187,"column":5}},"line":177},"11":{"name":"(anonymous_11)","decl":{"start":{"line":225,"column":4},"end":{"line":225,"column":5}},"loc":{"start":{"line":225,"column":29},"end":{"line":235,"column":5}},"line":225},"12":{"name":"(anonymous_12)","decl":{"start":{"line":267,"column":4},"end":{"line":267,"column":5}},"loc":{"start":{"line":267,"column":28},"end":{"line":278,"column":5}},"line":267}},"branchMap":{"0":{"loc":{"start":{"line":2,"column":17},"end":{"line":7,"column":1}},"type":"binary-expr","locations":[{"start":{"line":2,"column":18},"end":{"line":2,"column":22}},{"start":{"line":2,"column":26},"end":{"line":2,"column":41}},{"start":{"line":2,"column":46},"end":{"line":7,"column":1}}],"line":2},"1":{"loc":{"start":{"line":3,"column":34},"end":{"line":3,"column":125}},"type":"cond-expr","locations":[{"start":{"line":3,"column":42},"end":{"line":3,"column":48}},{"start":{"line":3,"column":51},"end":{"line":3,"column":125}}],"line":3},"2":{"loc":{"start":{"line":3,"column":51},"end":{"line":3,"column":125}},"type":"cond-expr","locations":[{"start":{"line":3,"column":67},"end":{"line":3,"column":118}},{"start":{"line":3,"column":121},"end":{"line":3,"column":125}}],"line":3},"3":{"loc":{"start":{"line":4,"column":4},"end":{"line":5,"column":150}},"type":"if","locations":[{"start":{"line":4,"column":4},"end":{"line":5,"column":150}},{"start":{"line":4,"column":4},"end":{"line":5,"column":150}}],"line":4},"4":{"loc":{"start":{"line":4,"column":8},"end":{"line":4,"column":77}},"type":"binary-expr","locations":[{"start":{"line":4,"column":8},"end":{"line":4,"column":35}},{"start":{"line":4,"column":39},"end":{"line":4,"column":77}}],"line":4},"5":{"loc":{"start":{"line":5,"column":58},"end":{"line":5,"column":150}},"type":"if","locations":[{"start":{"line":5,"column":58},"end":{"line":5,"column":150}},{"start":{"line":5,"column":58},"end":{"line":5,"column":150}}],"line":5},"6":{"loc":{"start":{"line":5,"column":85},"end":{"line":5,"column":149}},"type":"binary-expr","locations":[{"start":{"line":5,"column":86},"end":{"line":5,"column":143}},{"start":{"line":5,"column":148},"end":{"line":5,"column":149}}],"line":5},"7":{"loc":{"start":{"line":5,"column":86},"end":{"line":5,"column":143}},"type":"cond-expr","locations":[{"start":{"line":5,"column":94},"end":{"line":5,"column":98}},{"start":{"line":5,"column":101},"end":{"line":5,"column":143}}],"line":5},"8":{"loc":{"start":{"line":5,"column":101},"end":{"line":5,"column":143}},"type":"cond-expr","locations":[{"start":{"line":5,"column":109},"end":{"line":5,"column":126}},{"start":{"line":5,"column":129},"end":{"line":5,"column":143}}],"line":5},"9":{"loc":{"start":{"line":6,"column":11},"end":{"line":6,"column":62}},"type":"binary-expr","locations":[{"start":{"line":6,"column":11},"end":{"line":6,"column":16}},{"start":{"line":6,"column":20},"end":{"line":6,"column":21}},{"start":{"line":6,"column":25},"end":{"line":6,"column":62}}],"line":6},"10":{"loc":{"start":{"line":8,"column":17},"end":{"line":10,"column":1}},"type":"binary-expr","locations":[{"start":{"line":8,"column":18},"end":{"line":8,"column":22}},{"start":{"line":8,"column":26},"end":{"line":8,"column":41}},{"start":{"line":8,"column":46},"end":{"line":10,"column":1}}],"line":8},"11":{"loc":{"start":{"line":9,"column":4},"end":{"line":9,"column":109}},"type":"if","locations":[{"start":{"line":9,"column":4},"end":{"line":9,"column":109}},{"start":{"line":9,"column":4},"end":{"line":9,"column":109}}],"line":9},"12":{"loc":{"start":{"line":9,"column":8},"end":{"line":9,"column":77}},"type":"binary-expr","locations":[{"start":{"line":9,"column":8},"end":{"line":9,"column":35}},{"start":{"line":9,"column":39},"end":{"line":9,"column":77}}],"line":9},"13":{"loc":{"start":{"line":11,"column":14},"end":{"line":13,"column":1}},"type":"binary-expr","locations":[{"start":{"line":11,"column":15},"end":{"line":11,"column":19}},{"start":{"line":11,"column":23},"end":{"line":11,"column":35}},{"start":{"line":11,"column":40},"end":{"line":13,"column":1}}],"line":11},"14":{"loc":{"start":{"line":14,"column":13},"end":{"line":22,"column":1}},"type":"binary-expr","locations":[{"start":{"line":14,"column":14},"end":{"line":14,"column":18}},{"start":{"line":14,"column":22},"end":{"line":14,"column":33}},{"start":{"line":14,"column":38},"end":{"line":22,"column":1}}],"line":14},"15":{"loc":{"start":{"line":16,"column":21},"end":{"line":17,"column":20}},"type":"if","locations":[{"start":{"line":16,"column":21},"end":{"line":17,"column":20}},{"start":{"line":16,"column":21},"end":{"line":17,"column":20}}],"line":16},"16":{"loc":{"start":{"line":16,"column":25},"end":{"line":16,"column":87}},"type":"binary-expr","locations":[{"start":{"line":16,"column":25},"end":{"line":16,"column":67}},{"start":{"line":16,"column":71},"end":{"line":16,"column":87}}],"line":16},"17":{"loc":{"start":{"line":18,"column":4},"end":{"line":20,"column":30}},"type":"if","locations":[{"start":{"line":18,"column":4},"end":{"line":20,"column":30}},{"start":{"line":18,"column":4},"end":{"line":20,"column":30}}],"line":18},"18":{"loc":{"start":{"line":18,"column":8},"end":{"line":18,"column":71}},"type":"binary-expr","locations":[{"start":{"line":18,"column":8},"end":{"line":18,"column":17}},{"start":{"line":18,"column":21},"end":{"line":18,"column":71}}],"line":18},"19":{"loc":{"start":{"line":19,"column":80},"end":{"line":20,"column":30}},"type":"if","locations":[{"start":{"line":19,"column":80},"end":{"line":20,"column":30}},{"start":{"line":19,"column":80},"end":{"line":20,"column":30}}],"line":19},"20":{"loc":{"start":{"line":23,"column":22},"end":{"line":25,"column":1}},"type":"binary-expr","locations":[{"start":{"line":23,"column":23},"end":{"line":23,"column":27}},{"start":{"line":23,"column":31},"end":{"line":23,"column":51}},{"start":{"line":23,"column":56},"end":{"line":25,"column":1}}],"line":23},"21":{"loc":{"start":{"line":24,"column":11},"end":{"line":24,"column":61}},"type":"cond-expr","locations":[{"start":{"line":24,"column":37},"end":{"line":24,"column":40}},{"start":{"line":24,"column":43},"end":{"line":24,"column":61}}],"line":24},"22":{"loc":{"start":{"line":24,"column":12},"end":{"line":24,"column":33}},"type":"binary-expr","locations":[{"start":{"line":24,"column":12},"end":{"line":24,"column":15}},{"start":{"line":24,"column":19},"end":{"line":24,"column":33}}],"line":24},"23":{"loc":{"start":{"line":87,"column":8},"end":{"line":88,"column":45}},"type":"if","locations":[{"start":{"line":87,"column":8},"end":{"line":88,"column":45}},{"start":{"line":87,"column":8},"end":{"line":88,"column":45}}],"line":87},"24":{"loc":{"start":{"line":90,"column":8},"end":{"line":91,"column":48}},"type":"if","locations":[{"start":{"line":90,"column":8},"end":{"line":91,"column":48}},{"start":{"line":90,"column":8},"end":{"line":91,"column":48}}],"line":90},"25":{"loc":{"start":{"line":93,"column":8},"end":{"line":94,"column":49}},"type":"if","locations":[{"start":{"line":93,"column":8},"end":{"line":94,"column":49}},{"start":{"line":93,"column":8},"end":{"line":94,"column":49}}],"line":93},"26":{"loc":{"start":{"line":134,"column":8},"end":{"line":135,"column":48}},"type":"if","locations":[{"start":{"line":134,"column":8},"end":{"line":135,"column":48}},{"start":{"line":134,"column":8},"end":{"line":135,"column":48}}],"line":134},"27":{"loc":{"start":{"line":178,"column":8},"end":{"line":179,"column":47}},"type":"if","locations":[{"start":{"line":178,"column":8},"end":{"line":179,"column":47}},{"start":{"line":178,"column":8},"end":{"line":179,"column":47}}],"line":178},"28":{"loc":{"start":{"line":178,"column":12},"end":{"line":178,"column":54}},"type":"binary-expr","locations":[{"start":{"line":178,"column":12},"end":{"line":178,"column":34}},{"start":{"line":178,"column":38},"end":{"line":178,"column":54}}],"line":178},"29":{"loc":{"start":{"line":181,"column":8},"end":{"line":182,"column":48}},"type":"if","locations":[{"start":{"line":181,"column":8},"end":{"line":182,"column":48}},{"start":{"line":181,"column":8},"end":{"line":182,"column":48}}],"line":181},"30":{"loc":{"start":{"line":227,"column":8},"end":{"line":228,"column":48}},"type":"if","locations":[{"start":{"line":227,"column":8},"end":{"line":228,"column":48}},{"start":{"line":227,"column":8},"end":{"line":228,"column":48}}],"line":227},"31":{"loc":{"start":{"line":230,"column":8},"end":{"line":231,"column":49}},"type":"if","locations":[{"start":{"line":230,"column":8},"end":{"line":231,"column":49}},{"start":{"line":230,"column":8},"end":{"line":231,"column":49}}],"line":230},"32":{"loc":{"start":{"line":268,"column":8},"end":{"line":269,"column":45}},"type":"if","locations":[{"start":{"line":268,"column":8},"end":{"line":269,"column":45}},{"start":{"line":268,"column":8},"end":{"line":269,"column":45}}],"line":268},"33":{"loc":{"start":{"line":271,"column":8},"end":{"line":272,"column":48}},"type":"if","locations":[{"start":{"line":271,"column":8},"end":{"line":272,"column":48}},{"start":{"line":271,"column":8},"end":{"line":272,"column":48}}],"line":271},"34":{"loc":{"start":{"line":274,"column":8},"end":{"line":275,"column":49}},"type":"if","locations":[{"start":{"line":274,"column":8},"end":{"line":275,"column":49}},{"start":{"line":274,"column":8},"end":{"line":275,"column":49}}],"line":274}},"s":{"0":0,"1":0,"2":0,"3":0,"4":0,"5":0,"6":0,"7":0,"8":0,"9":0,"10":0,"11":0,"12":0,"13":0,"14":0,"15":0,"16":0,"17":0,"18":0,"19":0,"20":0,"21":0,"22":0,"23":0,"24":0,"25":0,"26":0,"27":0,"28":0,"29":0,"30":0,"31":0,"32":0,"33":0,"34":0,"35":0,"36":0,"37":0,"38":0,"39":0,"40":0,"41":0,"42":0,"43":0,"44":0,"45":0,"46":0,"47":0,"48":0,"49":0,"50":0,"51":0,"52":0,"53":0,"54":0,"55":0,"56":0,"57":0,"58":0,"59":0,"60":0,"61":0,"62":0,"63":0,"64":0,"65":0,"66":0,"67":0,"68":0,"69":0,"70":0,"71":0,"72":0,"73":0,"74":0,"75":0,"76":0,"77":0,"78":0,"79":0,"80":0,"81":0,"82":0,"83":0,"84":0,"85":0,"86":0,"87":0,"88":0,"89":0,"90":0,"91":0,"92":0,"93":0},"f":{"0":0,"1":0,"2":0,"3":0,"4":0,"5":0,"6":0,"7":0,"8":0,"9":0,"10":0,"11":0,"12":0},"b":{"0":[0,0,0],"1":[0,0],"2":[0,0],"3":[0,0],"4":[0,0],"5":[0,0],"6":[0,0],"7":[0,0],"8":[0,0],"9":[0,0,0],"10":[0,0,0],"11":[0,0],"12":[0,0],"13":[0,0,0],"14":[0,0,0],"15":[0,0],"16":[0,0],"17":[0,0],"18":[0,0],"19":[0,0],"20":[0,0,0],"21":[0,0],"22":[0,0],"23":[0,0],"24":[0,0],"25":[0,0],"26":[0,0],"27":[0,0],"28":[0,0],"29":[0,0],"30":[0,0],"31":[0,0],"32":[0,0],"33":[0,0],"34":[0,0]}},"/home/fjorg/Projects/ProjectBD/api/dist/app/controllers/MusicaController.js":{"path":"/home/fjorg/Projects/ProjectBD/api/dist/app/controllers/MusicaController.js","statementMap":{"0":{"start":{"line":2,"column":17},"end":{"line":7,"column":1}},"1":{"start":{"line":3,"column":12},"end":{"line":3,"column":28}},"2":{"start":{"line":3,"column":34},"end":{"line":3,"column":125}},"3":{"start":{"line":4,"column":4},"end":{"line":5,"column":150}},"4":{"start":{"line":4,"column":79},"end":{"line":4,"column":131}},"5":{"start":{"line":5,"column":9},"end":{"line":5,"column":150}},"6":{"start":{"line":5,"column":58},"end":{"line":5,"column":150}},"7":{"start":{"line":5,"column":81},"end":{"line":5,"column":150}},"8":{"start":{"line":6,"column":4},"end":{"line":6,"column":66}},"9":{"start":{"line":8,"column":17},"end":{"line":10,"column":1}},"10":{"start":{"line":9,"column":4},"end":{"line":9,"column":109}},"11":{"start":{"line":9,"column":79},"end":{"line":9,"column":109}},"12":{"start":{"line":11,"column":14},"end":{"line":13,"column":1}},"13":{"start":{"line":12,"column":4},"end":{"line":12,"column":73}},"14":{"start":{"line":12,"column":36},"end":{"line":12,"column":71}},"15":{"start":{"line":14,"column":22},"end":{"line":16,"column":1}},"16":{"start":{"line":15,"column":4},"end":{"line":15,"column":62}},"17":{"start":{"line":17,"column":0},"end":{"line":17,"column":62}},"18":{"start":{"line":18,"column":26},"end":{"line":18,"column":52}},"19":{"start":{"line":19,"column":30},"end":{"line":19,"column":60}},"20":{"start":{"line":20,"column":17},"end":{"line":20,"column":34}},"21":{"start":{"line":21,"column":25},"end":{"line":21,"column":77}},"22":{"start":{"line":22,"column":28},"end":{"line":22,"column":83}},"23":{"start":{"line":23,"column":26},"end":{"line":23,"column":85}},"24":{"start":{"line":24,"column":35},"end":{"line":24,"column":103}},"25":{"start":{"line":25,"column":38},"end":{"line":25,"column":109}},"26":{"start":{"line":26,"column":38},"end":{"line":26,"column":109}},"27":{"start":{"line":28,"column":0},"end":{"line":31,"column":34}},"28":{"start":{"line":29,"column":4},"end":{"line":29,"column":39}},"29":{"start":{"line":30,"column":4},"end":{"line":30,"column":41}},"30":{"start":{"line":34,"column":8},"end":{"line":34,"column":24}},"31":{"start":{"line":35,"column":8},"end":{"line":35,"column":45}},"32":{"start":{"line":38,"column":0},"end":{"line":41,"column":47}},"33":{"start":{"line":42,"column":0},"end":{"line":45,"column":50}},"34":{"start":{"line":52,"column":23},"end":{"line":194,"column":1}},"35":{"start":{"line":72,"column":22},"end":{"line":72,"column":66}},"36":{"start":{"line":73,"column":8},"end":{"line":74,"column":48}},"37":{"start":{"line":74,"column":12},"end":{"line":74,"column":48}},"38":{"start":{"line":75,"column":24},"end":{"line":75,"column":71}},"39":{"start":{"line":76,"column":8},"end":{"line":78,"column":10}},"40":{"start":{"line":77,"column":47},"end":{"line":77,"column":51}},"41":{"start":{"line":103,"column":22},"end":{"line":103,"column":66}},"42":{"start":{"line":104,"column":8},"end":{"line":105,"column":48}},"43":{"start":{"line":105,"column":12},"end":{"line":105,"column":48}},"44":{"start":{"line":106,"column":24},"end":{"line":106,"column":68}},"45":{"start":{"line":107,"column":8},"end":{"line":109,"column":10}},"46":{"start":{"line":157,"column":22},"end":{"line":157,"column":66}},"47":{"start":{"line":158,"column":8},"end":{"line":159,"column":48}},"48":{"start":{"line":159,"column":12},"end":{"line":159,"column":48}},"49":{"start":{"line":160,"column":21},"end":{"line":160,"column":79}},"50":{"start":{"line":161,"column":8},"end":{"line":191,"column":9}},"51":{"start":{"line":162,"column":12},"end":{"line":162,"column":77}},"52":{"start":{"line":163,"column":12},"end":{"line":183,"column":13}},"53":{"start":{"line":164,"column":16},"end":{"line":164,"column":84}},"54":{"start":{"line":165,"column":16},"end":{"line":166,"column":57}},"55":{"start":{"line":166,"column":20},"end":{"line":166,"column":57}},"56":{"start":{"line":167,"column":16},"end":{"line":173,"column":17}},"57":{"start":{"line":168,"column":20},"end":{"line":168,"column":77}},"58":{"start":{"line":169,"column":20},"end":{"line":169,"column":148}},"59":{"start":{"line":172,"column":20},"end":{"line":172,"column":63}},"60":{"start":{"line":176,"column":16},"end":{"line":182,"column":17}},"61":{"start":{"line":177,"column":20},"end":{"line":177,"column":74}},"62":{"start":{"line":178,"column":20},"end":{"line":178,"column":154}},"63":{"start":{"line":181,"column":20},"end":{"line":181,"column":62}},"64":{"start":{"line":186,"column":12},"end":{"line":186,"column":69}},"65":{"start":{"line":187,"column":12},"end":{"line":190,"column":150}},"66":{"start":{"line":188,"column":16},"end":{"line":188,"column":144}},"67":{"start":{"line":189,"column":17},"end":{"line":190,"column":150}},"68":{"start":{"line":190,"column":16},"end":{"line":190,"column":150}},"69":{"start":{"line":192,"column":8},"end":{"line":192,"column":35}},"70":{"start":{"line":195,"column":0},"end":{"line":198,"column":58}},"71":{"start":{"line":199,"column":0},"end":{"line":202,"column":67}},"72":{"start":{"line":203,"column":0},"end":{"line":206,"column":70}},"73":{"start":{"line":207,"column":0},"end":{"line":210,"column":70}},"74":{"start":{"line":211,"column":0},"end":{"line":218,"column":56}},"75":{"start":{"line":219,"column":0},"end":{"line":226,"column":53}},"76":{"start":{"line":227,"column":0},"end":{"line":235,"column":48}},"77":{"start":{"line":236,"column":0},"end":{"line":238,"column":21}},"78":{"start":{"line":239,"column":0},"end":{"line":239,"column":35}}},"fnMap":{"0":{"name":"(anonymous_0)","decl":{"start":{"line":2,"column":46},"end":{"line":2,"column":47}},"loc":{"start":{"line":2,"column":87},"end":{"line":7,"column":1}},"line":2},"1":{"name":"(anonymous_1)","decl":{"start":{"line":8,"column":46},"end":{"line":8,"column":47}},"loc":{"start":{"line":8,"column":62},"end":{"line":10,"column":1}},"line":8},"2":{"name":"(anonymous_2)","decl":{"start":{"line":11,"column":40},"end":{"line":11,"column":41}},"loc":{"start":{"line":11,"column":73},"end":{"line":13,"column":1}},"line":11},"3":{"name":"(anonymous_3)","decl":{"start":{"line":12,"column":11},"end":{"line":12,"column":12}},"loc":{"start":{"line":12,"column":34},"end":{"line":12,"column":73}},"line":12},"4":{"name":"(anonymous_4)","decl":{"start":{"line":14,"column":56},"end":{"line":14,"column":57}},"loc":{"start":{"line":14,"column":71},"end":{"line":16,"column":1}},"line":14},"5":{"name":"(anonymous_5)","decl":{"start":{"line":28,"column":1},"end":{"line":28,"column":2}},"loc":{"start":{"line":28,"column":22},"end":{"line":31,"column":1}},"line":28},"6":{"name":"(anonymous_6)","decl":{"start":{"line":33,"column":4},"end":{"line":33,"column":5}},"loc":{"start":{"line":33,"column":18},"end":{"line":36,"column":5}},"line":33},"7":{"name":"(anonymous_7)","decl":{"start":{"line":71,"column":4},"end":{"line":71,"column":5}},"loc":{"start":{"line":71,"column":33},"end":{"line":79,"column":5}},"line":71},"8":{"name":"(anonymous_8)","decl":{"start":{"line":77,"column":40},"end":{"line":77,"column":41}},"loc":{"start":{"line":77,"column":47},"end":{"line":77,"column":51}},"line":77},"9":{"name":"(anonymous_9)","decl":{"start":{"line":102,"column":4},"end":{"line":102,"column":5}},"loc":{"start":{"line":102,"column":30},"end":{"line":110,"column":5}},"line":102},"10":{"name":"(anonymous_10)","decl":{"start":{"line":156,"column":4},"end":{"line":156,"column":5}},"loc":{"start":{"line":156,"column":30},"end":{"line":193,"column":5}},"line":156}},"branchMap":{"0":{"loc":{"start":{"line":2,"column":17},"end":{"line":7,"column":1}},"type":"binary-expr","locations":[{"start":{"line":2,"column":18},"end":{"line":2,"column":22}},{"start":{"line":2,"column":26},"end":{"line":2,"column":41}},{"start":{"line":2,"column":46},"end":{"line":7,"column":1}}],"line":2},"1":{"loc":{"start":{"line":3,"column":34},"end":{"line":3,"column":125}},"type":"cond-expr","locations":[{"start":{"line":3,"column":42},"end":{"line":3,"column":48}},{"start":{"line":3,"column":51},"end":{"line":3,"column":125}}],"line":3},"2":{"loc":{"start":{"line":3,"column":51},"end":{"line":3,"column":125}},"type":"cond-expr","locations":[{"start":{"line":3,"column":67},"end":{"line":3,"column":118}},{"start":{"line":3,"column":121},"end":{"line":3,"column":125}}],"line":3},"3":{"loc":{"start":{"line":4,"column":4},"end":{"line":5,"column":150}},"type":"if","locations":[{"start":{"line":4,"column":4},"end":{"line":5,"column":150}},{"start":{"line":4,"column":4},"end":{"line":5,"column":150}}],"line":4},"4":{"loc":{"start":{"line":4,"column":8},"end":{"line":4,"column":77}},"type":"binary-expr","locations":[{"start":{"line":4,"column":8},"end":{"line":4,"column":35}},{"start":{"line":4,"column":39},"end":{"line":4,"column":77}}],"line":4},"5":{"loc":{"start":{"line":5,"column":58},"end":{"line":5,"column":150}},"type":"if","locations":[{"start":{"line":5,"column":58},"end":{"line":5,"column":150}},{"start":{"line":5,"column":58},"end":{"line":5,"column":150}}],"line":5},"6":{"loc":{"start":{"line":5,"column":85},"end":{"line":5,"column":149}},"type":"binary-expr","locations":[{"start":{"line":5,"column":86},"end":{"line":5,"column":143}},{"start":{"line":5,"column":148},"end":{"line":5,"column":149}}],"line":5},"7":{"loc":{"start":{"line":5,"column":86},"end":{"line":5,"column":143}},"type":"cond-expr","locations":[{"start":{"line":5,"column":94},"end":{"line":5,"column":98}},{"start":{"line":5,"column":101},"end":{"line":5,"column":143}}],"line":5},"8":{"loc":{"start":{"line":5,"column":101},"end":{"line":5,"column":143}},"type":"cond-expr","locations":[{"start":{"line":5,"column":109},"end":{"line":5,"column":126}},{"start":{"line":5,"column":129},"end":{"line":5,"column":143}}],"line":5},"9":{"loc":{"start":{"line":6,"column":11},"end":{"line":6,"column":62}},"type":"binary-expr","locations":[{"start":{"line":6,"column":11},"end":{"line":6,"column":16}},{"start":{"line":6,"column":20},"end":{"line":6,"column":21}},{"start":{"line":6,"column":25},"end":{"line":6,"column":62}}],"line":6},"10":{"loc":{"start":{"line":8,"column":17},"end":{"line":10,"column":1}},"type":"binary-expr","locations":[{"start":{"line":8,"column":18},"end":{"line":8,"column":22}},{"start":{"line":8,"column":26},"end":{"line":8,"column":41}},{"start":{"line":8,"column":46},"end":{"line":10,"column":1}}],"line":8},"11":{"loc":{"start":{"line":9,"column":4},"end":{"line":9,"column":109}},"type":"if","locations":[{"start":{"line":9,"column":4},"end":{"line":9,"column":109}},{"start":{"line":9,"column":4},"end":{"line":9,"column":109}}],"line":9},"12":{"loc":{"start":{"line":9,"column":8},"end":{"line":9,"column":77}},"type":"binary-expr","locations":[{"start":{"line":9,"column":8},"end":{"line":9,"column":35}},{"start":{"line":9,"column":39},"end":{"line":9,"column":77}}],"line":9},"13":{"loc":{"start":{"line":11,"column":14},"end":{"line":13,"column":1}},"type":"binary-expr","locations":[{"start":{"line":11,"column":15},"end":{"line":11,"column":19}},{"start":{"line":11,"column":23},"end":{"line":11,"column":35}},{"start":{"line":11,"column":40},"end":{"line":13,"column":1}}],"line":11},"14":{"loc":{"start":{"line":14,"column":22},"end":{"line":16,"column":1}},"type":"binary-expr","locations":[{"start":{"line":14,"column":23},"end":{"line":14,"column":27}},{"start":{"line":14,"column":31},"end":{"line":14,"column":51}},{"start":{"line":14,"column":56},"end":{"line":16,"column":1}}],"line":14},"15":{"loc":{"start":{"line":15,"column":11},"end":{"line":15,"column":61}},"type":"cond-expr","locations":[{"start":{"line":15,"column":37},"end":{"line":15,"column":40}},{"start":{"line":15,"column":43},"end":{"line":15,"column":61}}],"line":15},"16":{"loc":{"start":{"line":15,"column":12},"end":{"line":15,"column":33}},"type":"binary-expr","locations":[{"start":{"line":15,"column":12},"end":{"line":15,"column":15}},{"start":{"line":15,"column":19},"end":{"line":15,"column":33}}],"line":15},"17":{"loc":{"start":{"line":31,"column":3},"end":{"line":31,"column":32}},"type":"binary-expr","locations":[{"start":{"line":31,"column":3},"end":{"line":31,"column":12}},{"start":{"line":31,"column":17},"end":{"line":31,"column":31}}],"line":31},"18":{"loc":{"start":{"line":73,"column":8},"end":{"line":74,"column":48}},"type":"if","locations":[{"start":{"line":73,"column":8},"end":{"line":74,"column":48}},{"start":{"line":73,"column":8},"end":{"line":74,"column":48}}],"line":73},"19":{"loc":{"start":{"line":104,"column":8},"end":{"line":105,"column":48}},"type":"if","locations":[{"start":{"line":104,"column":8},"end":{"line":105,"column":48}},{"start":{"line":104,"column":8},"end":{"line":105,"column":48}}],"line":104},"20":{"loc":{"start":{"line":158,"column":8},"end":{"line":159,"column":48}},"type":"if","locations":[{"start":{"line":158,"column":8},"end":{"line":159,"column":48}},{"start":{"line":158,"column":8},"end":{"line":159,"column":48}}],"line":158},"21":{"loc":{"start":{"line":161,"column":8},"end":{"line":191,"column":9}},"type":"if","locations":[{"start":{"line":161,"column":8},"end":{"line":191,"column":9}},{"start":{"line":161,"column":8},"end":{"line":191,"column":9}}],"line":161},"22":{"loc":{"start":{"line":163,"column":12},"end":{"line":183,"column":13}},"type":"if","locations":[{"start":{"line":163,"column":12},"end":{"line":183,"column":13}},{"start":{"line":163,"column":12},"end":{"line":183,"column":13}}],"line":163},"23":{"loc":{"start":{"line":165,"column":16},"end":{"line":166,"column":57}},"type":"if","locations":[{"start":{"line":165,"column":16},"end":{"line":166,"column":57}},{"start":{"line":165,"column":16},"end":{"line":166,"column":57}}],"line":165},"24":{"loc":{"start":{"line":167,"column":16},"end":{"line":173,"column":17}},"type":"if","locations":[{"start":{"line":167,"column":16},"end":{"line":173,"column":17}},{"start":{"line":167,"column":16},"end":{"line":173,"column":17}}],"line":167},"25":{"loc":{"start":{"line":176,"column":16},"end":{"line":182,"column":17}},"type":"if","locations":[{"start":{"line":176,"column":16},"end":{"line":182,"column":17}},{"start":{"line":176,"column":16},"end":{"line":182,"column":17}}],"line":176},"26":{"loc":{"start":{"line":187,"column":12},"end":{"line":190,"column":150}},"type":"if","locations":[{"start":{"line":187,"column":12},"end":{"line":190,"column":150}},{"start":{"line":187,"column":12},"end":{"line":190,"column":150}}],"line":187},"27":{"loc":{"start":{"line":189,"column":17},"end":{"line":190,"column":150}},"type":"if","locations":[{"start":{"line":189,"column":17},"end":{"line":190,"column":150}},{"start":{"line":189,"column":17},"end":{"line":190,"column":150}}],"line":189}},"s":{"0":0,"1":0,"2":0,"3":0,"4":0,"5":0,"6":0,"7":0,"8":0,"9":0,"10":0,"11":0,"12":0,"13":0,"14":0,"15":0,"16":0,"17":0,"18":0,"19":0,"20":0,"21":0,"22":0,"23":0,"24":0,"25":0,"26":0,"27":0,"28":0,"29":0,"30":0,"31":0,"32":0,"33":0,"34":0,"35":0,"36":0,"37":0,"38":0,"39":0,"40":0,"41":0,"42":0,"43":0,"44":0,"45":0,"46":0,"47":0,"48":0,"49":0,"50":0,"51":0,"52":0,"53":0,"54":0,"55":0,"56":0,"57":0,"58":0,"59":0,"60":0,"61":0,"62":0,"63":0,"64":0,"65":0,"66":0,"67":0,"68":0,"69":0,"70":0,"71":0,"72":0,"73":0,"74":0,"75":0,"76":0,"77":0,"78":0},"f":{"0":0,"1":0,"2":0,"3":0,"4":0,"5":0,"6":0,"7":0,"8":0,"9":0,"10":0},"b":{"0":[0,0,0],"1":[0,0],"2":[0,0],"3":[0,0],"4":[0,0],"5":[0,0],"6":[0,0],"7":[0,0],"8":[0,0],"9":[0,0,0],"10":[0,0,0],"11":[0,0],"12":[0,0],"13":[0,0,0],"14":[0,0,0],"15":[0,0],"16":[0,0],"17":[0,0],"18":[0,0],"19":[0,0],"20":[0,0],"21":[0,0],"22":[0,0],"23":[0,0],"24":[0,0],"25":[0,0],"26":[0,0],"27":[0,0]}},"/home/fjorg/Projects/ProjectBD/api/dist/app/controllers/OuvinteController.js":{"path":"/home/fjorg/Projects/ProjectBD/api/dist/app/controllers/OuvinteController.js","statementMap":{"0":{"start":{"line":2,"column":17},"end":{"line":7,"column":1}},"1":{"start":{"line":3,"column":12},"end":{"line":3,"column":28}},"2":{"start":{"line":3,"column":34},"end":{"line":3,"column":125}},"3":{"start":{"line":4,"column":4},"end":{"line":5,"column":150}},"4":{"start":{"line":4,"column":79},"end":{"line":4,"column":131}},"5":{"start":{"line":5,"column":9},"end":{"line":5,"column":150}},"6":{"start":{"line":5,"column":58},"end":{"line":5,"column":150}},"7":{"start":{"line":5,"column":81},"end":{"line":5,"column":150}},"8":{"start":{"line":6,"column":4},"end":{"line":6,"column":66}},"9":{"start":{"line":8,"column":17},"end":{"line":10,"column":1}},"10":{"start":{"line":9,"column":4},"end":{"line":9,"column":109}},"11":{"start":{"line":9,"column":79},"end":{"line":9,"column":109}},"12":{"start":{"line":11,"column":14},"end":{"line":13,"column":1}},"13":{"start":{"line":12,"column":4},"end":{"line":12,"column":73}},"14":{"start":{"line":12,"column":36},"end":{"line":12,"column":71}},"15":{"start":{"line":14,"column":22},"end":{"line":16,"column":1}},"16":{"start":{"line":15,"column":4},"end":{"line":15,"column":62}},"17":{"start":{"line":17,"column":0},"end":{"line":17,"column":62}},"18":{"start":{"line":18,"column":17},"end":{"line":18,"column":34}},"19":{"start":{"line":19,"column":26},"end":{"line":19,"column":52}},"20":{"start":{"line":20,"column":23},"end":{"line":20,"column":46}},"21":{"start":{"line":21,"column":30},"end":{"line":21,"column":60}},"22":{"start":{"line":22,"column":17},"end":{"line":22,"column":34}},"23":{"start":{"line":23,"column":18},"end":{"line":23,"column":63}},"24":{"start":{"line":24,"column":28},"end":{"line":24,"column":89}},"25":{"start":{"line":27,"column":8},"end":{"line":27,"column":22}},"26":{"start":{"line":28,"column":8},"end":{"line":28,"column":23}},"27":{"start":{"line":29,"column":8},"end":{"line":29,"column":24}},"28":{"start":{"line":30,"column":8},"end":{"line":30,"column":24}},"29":{"start":{"line":33,"column":0},"end":{"line":37,"column":43}},"30":{"start":{"line":38,"column":0},"end":{"line":42,"column":44}},"31":{"start":{"line":43,"column":0},"end":{"line":47,"column":45}},"32":{"start":{"line":48,"column":0},"end":{"line":52,"column":45}},"33":{"start":{"line":55,"column":8},"end":{"line":55,"column":24}},"34":{"start":{"line":56,"column":8},"end":{"line":56,"column":24}},"35":{"start":{"line":59,"column":0},"end":{"line":64,"column":44}},"36":{"start":{"line":65,"column":0},"end":{"line":69,"column":44}},"37":{"start":{"line":78,"column":24},"end":{"line":244,"column":1}},"38":{"start":{"line":105,"column":24},"end":{"line":105,"column":70}},"39":{"start":{"line":106,"column":8},"end":{"line":107,"column":50}},"40":{"start":{"line":107,"column":12},"end":{"line":107,"column":50}},"41":{"start":{"line":108,"column":8},"end":{"line":113,"column":10}},"42":{"start":{"line":150,"column":22},"end":{"line":150,"column":72}},"43":{"start":{"line":151,"column":8},"end":{"line":152,"column":49}},"44":{"start":{"line":152,"column":12},"end":{"line":152,"column":49}},"45":{"start":{"line":153,"column":26},"end":{"line":153,"column":62}},"46":{"start":{"line":154,"column":8},"end":{"line":154,"column":84}},"47":{"start":{"line":155,"column":25},"end":{"line":155,"column":66}},"48":{"start":{"line":156,"column":8},"end":{"line":157,"column":41}},"49":{"start":{"line":157,"column":12},"end":{"line":157,"column":41}},"50":{"start":{"line":158,"column":8},"end":{"line":158,"column":35}},"51":{"start":{"line":187,"column":22},"end":{"line":187,"column":72}},"52":{"start":{"line":188,"column":8},"end":{"line":189,"column":56}},"53":{"start":{"line":189,"column":12},"end":{"line":189,"column":56}},"54":{"start":{"line":190,"column":22},"end":{"line":190,"column":70}},"55":{"start":{"line":191,"column":8},"end":{"line":192,"column":56}},"56":{"start":{"line":192,"column":12},"end":{"line":192,"column":56}},"57":{"start":{"line":193,"column":22},"end":{"line":193,"column":71}
[...]
ions":[{"start":{"line":50,"column":8},"end":{"line":51,"column":22}},{"start":{"line":50,"column":8},"end":{"line":51,"column":22}}],"line":50}},"s":{"0":0,"1":0,"2":0,"3":0,"4":0,"5":0,"6":0,"7":0,"8":0,"9":0,"10":0,"11":0,"12":0,"13":0,"14":0,"15":0,"16":0,"17":0,"18":0,"19":0,"20":0,"21":0,"22":0,"23":0,"24":0,"25":0,"26":0,"27":0,"28":0,"29":0,"30":0,"31":0,"32":0,"33":0,"34":0,"35":0,"36":0,"37":0,"38":0,"39":0,"40":0},"f":{"0":0,"1":0,"2":0,"3":0,"4":0,"5":0,"6":0,"7":0,"8":0},"b":{"0":[0,0,0],"1":[0,0],"2":[0,0],"3":[0,0],"4":[0,0],"5":[0,0],"6":[0,0],"7":[0,0],"8":[0,0],"9":[0,0,0],"10":[0,0,0],"11":[0,0],"12":[0,0],"13":[0,0,0],"14":[0,0],"15":[0,0],"16":[0,0]}},"/home/fjorg/Projects/ProjectBD/api/dist/app/repositories/PlaylistPrivadaRepository.js":{"path":"/home/fjorg/Projects/ProjectBD/api/dist/app/repositories/PlaylistPrivadaRepository.js","statementMap":{},"fnMap":{},"branchMap":{},"s":{},"f":{},"b":{}},"/home/fjorg/Projects/ProjectBD/api/dist/app/repositories/PlaylistPublicaRepository.js":{"path":"/home/fjorg/Projects/ProjectBD/api/dist/app/repositories/PlaylistPublicaRepository.js","statementMap":{},"fnMap":{},"branchMap":{},"s":{},"f":{},"b":{}},"/home/fjorg/Projects/ProjectBD/api/dist/app/repositories/PublicadoraRepository.js":{"path":"/home/fjorg/Projects/ProjectBD/api/dist/app/repositories/PublicadoraRepository.js","statementMap":{"0":{"start":{"line":2,"column":17},"end":{"line":7,"column":1}},"1":{"start":{"line":3,"column":12},"end":{"line":3,"column":28}},"2":{"start":{"line":3,"column":34},"end":{"line":3,"column":125}},"3":{"start":{"line":4,"column":4},"end":{"line":5,"column":150}},"4":{"start":{"line":4,"column":79},"end":{"line":4,"column":131}},"5":{"start":{"line":5,"column":9},"end":{"line":5,"column":150}},"6":{"start":{"line":5,"column":58},"end":{"line":5,"column":150}},"7":{"start":{"line":5,"column":81},"end":{"line":5,"column":150}},"8":{"start":{"line":6,"column":4},"end":{"line":6,"column":66}},"9":{"start":{"line":8,"column":17},"end":{"line":10,"column":1}},"10":{"start":{"line":9,"column":4},"end":{"line":9,"column":109}},"11":{"start":{"line":9,"column":79},"end":{"line":9,"column":109}},"12":{"start":{"line":11,"column":22},"end":{"line":13,"column":1}},"13":{"start":{"line":12,"column":4},"end":{"line":12,"column":62}},"14":{"start":{"line":14,"column":0},"end":{"line":14,"column":62}},"15":{"start":{"line":15,"column":17},"end":{"line":15,"column":34}},"16":{"start":{"line":16,"column":19},"end":{"line":16,"column":57}},"17":{"start":{"line":17,"column":28},"end":{"line":85,"column":1}},"18":{"start":{"line":19,"column":22},"end":{"line":24,"column":9}},"19":{"start":{"line":25,"column":8},"end":{"line":25,"column":60}},"20":{"start":{"line":28,"column":22},"end":{"line":33,"column":9}},"21":{"start":{"line":34,"column":8},"end":{"line":34,"column":57}},"22":{"start":{"line":37,"column":22},"end":{"line":41,"column":9}},"23":{"start":{"line":42,"column":8},"end":{"line":42,"column":55}},"24":{"start":{"line":45,"column":23},"end":{"line":48,"column":9}},"25":{"start":{"line":49,"column":25},"end":{"line":49,"column":101}},"26":{"start":{"line":50,"column":8},"end":{"line":51,"column":22}},"27":{"start":{"line":51,"column":12},"end":{"line":51,"column":22}},"28":{"start":{"line":52,"column":23},"end":{"line":55,"column":9}},"29":{"start":{"line":56,"column":8},"end":{"line":56,"column":74}},"30":{"start":{"line":59,"column":23},"end":{"line":63,"column":9}},"31":{"start":{"line":64,"column":8},"end":{"line":64,"column":61}},"32":{"start":{"line":65,"column":23},"end":{"line":70,"column":9}},"33":{"start":{"line":71,"column":8},"end":{"line":71,"column":89}},"34":{"start":{"line":74,"column":23},"end":{"line":77,"column":9}},"35":{"start":{"line":78,"column":8},"end":{"line":78,"column":48}},"36":{"start":{"line":79,"column":23},"end":{"line":82,"column":9}},"37":{"start":{"line":83,"column":8},"end":{"line":83,"column":48}},"38":{"start":{"line":86,"column":0},"end":{"line":89,"column":56}},"39":{"start":{"line":90,"column":0},"end":{"line":92,"column":26}},"40":{"start":{"line":93,"column":0},"end":{"line":93,"column":40}}},"fnMap":{"0":{"name":"(anonymous_0)","decl":{"start":{"line":2,"column":46},"end":{"line":2,"column":47}},"loc":{"start":{"line":2,"column":87},"end":{"line":7,"column":1}},"line":2},"1":{"name":"(anonymous_1)","decl":{"start":{"line":8,"column":46},"end":{"line":8,"column":47}},"loc":{"start":{"line":8,"column":62},"end":{"line":10,"column":1}},"line":8},"2":{"name":"(anonymous_2)","decl":{"start":{"line":11,"column":56},"end":{"line":11,"column":57}},"loc":{"start":{"line":11,"column":71},"end":{"line":13,"column":1}},"line":11},"3":{"name":"(anonymous_3)","decl":{"start":{"line":18,"column":4},"end":{"line":18,"column":5}},"loc":{"start":{"line":18,"column":28},"end":{"line":26,"column":5}},"line":18},"4":{"name":"(anonymous_4)","decl":{"start":{"line":27,"column":4},"end":{"line":27,"column":5}},"loc":{"start":{"line":27,"column":22},"end":{"line":35,"column":5}},"line":27},"5":{"name":"(anonymous_5)","decl":{"start":{"line":36,"column":4},"end":{"line":36,"column":5}},"loc":{"start":{"line":36,"column":19},"end":{"line":43,"column":5}},"line":36},"6":{"name":"(anonymous_6)","decl":{"start":{"line":44,"column":4},"end":{"line":44,"column":5}},"loc":{"start":{"line":44,"column":22},"end":{"line":57,"column":5}},"line":44},"7":{"name":"(anonymous_7)","decl":{"start":{"line":58,"column":4},"end":{"line":58,"column":5}},"loc":{"start":{"line":58,"column":29},"end":{"line":72,"column":5}},"line":58},"8":{"name":"(anonymous_8)","decl":{"start":{"line":73,"column":4},"end":{"line":73,"column":5}},"loc":{"start":{"line":73,"column":21},"end":{"line":84,"column":5}},"line":73}},"branchMap":{"0":{"loc":{"start":{"line":2,"column":17},"end":{"line":7,"column":1}},"type":"binary-expr","locations":[{"start":{"line":2,"column":18},"end":{"line":2,"column":22}},{"start":{"line":2,"column":26},"end":{"line":2,"column":41}},{"start":{"line":2,"column":46},"end":{"line":7,"column":1}}],"line":2},"1":{"loc":{"start":{"line":3,"column":34},"end":{"line":3,"column":125}},"type":"cond-expr","locations":[{"start":{"line":3,"column":42},"end":{"line":3,"column":48}},{"start":{"line":3,"column":51},"end":{"line":3,"column":125}}],"line":3},"2":{"loc":{"start":{"line":3,"column":51},"end":{"line":3,"column":125}},"type":"cond-expr","locations":[{"start":{"line":3,"column":67},"end":{"line":3,"column":118}},{"start":{"line":3,"column":121},"end":{"line":3,"column":125}}],"line":3},"3":{"loc":{"start":{"line":4,"column":4},"end":{"line":5,"column":150}},"type":"if","locations":[{"start":{"line":4,"column":4},"end":{"line":5,"column":150}},{"start":{"line":4,"column":4},"end":{"line":5,"column":150}}],"line":4},"4":{"loc":{"start":{"line":4,"column":8},"end":{"line":4,"column":77}},"type":"binary-expr","locations":[{"start":{"line":4,"column":8},"end":{"line":4,"column":35}},{"start":{"line":4,"column":39},"end":{"line":4,"column":77}}],"line":4},"5":{"loc":{"start":{"line":5,"column":58},"end":{"line":5,"column":150}},"type":"if","locations":[{"start":{"line":5,"column":58},"end":{"line":5,"column":150}},{"start":{"line":5,"column":58},"end":{"line":5,"column":150}}],"line":5},"6":{"loc":{"start":{"line":5,"column":85},"end":{"line":5,"column":149}},"type":"binary-expr","locations":[{"start":{"line":5,"column":86},"end":{"line":5,"column":143}},{"start":{"line":5,"column":148},"end":{"line":5,"column":149}}],"line":5},"7":{"loc":{"start":{"line":5,"column":86},"end":{"line":5,"column":143}},"type":"cond-expr","locations":[{"start":{"line":5,"column":94},"end":{"line":5,"column":98}},{"start":{"line":5,"column":101},"end":{"line":5,"column":143}}],"line":5},"8":{"loc":{"start":{"line":5,"column":101},"end":{"line":5,"column":143}},"type":"cond-expr","locations":[{"start":{"line":5,"column":109},"end":{"line":5,"column":126}},{"start":{"line":5,"column":129},"end":{"line":5,"column":143}}],"line":5},"9":{"loc":{"start":{"line":6,"column":11},"end":{"line":6,"column":62}},"type":"binary-expr","locations":[{"start":{"line":6,"column":11},"end":{"line":6,"column":16}},{"start":{"line":6,"column":20},"end":{"line":6,"column":21}},{"start":{"line":6,"column":25},"end":{"line":6,"column":62}}],"line":6},"10":{"loc":{"start":{"line":8,"column":17},"end":{"line":10,"column":1}},"type":"binary-expr","locations":[{"start":{"line":8,"column":18},"end":{"line":8,"column":22}},{"start":{"line":8,"column":26},"end":{"line":8,"column":41}},{"start":{"line":8,"column":46},"end":{"line":10,"column":1}}],"line":8},"11":{"loc":{"start":{"line":9,"column":4},"end":{"line":9,"column":109}},"type":"if","locations":[{"start":{"line":9,"column":4},"end":{"line":9,"column":109}},{"start":{"line":9,"column":4},"end":{"line":9,"column":109}}],"line":9},"12":{"loc":{"start":{"line":9,"column":8},"end":{"line":9,"column":77}},"type":"binary-expr","locations":[{"start":{"line":9,"column":8},"end":{"line":9,"column":35}},{"start":{"line":9,"column":39},"end":{"line":9,"column":77}}],"line":9},"13":{"loc":{"start":{"line":11,"column":22},"end":{"line":13,"column":1}},"type":"binary-expr","locations":[{"start":{"line":11,"column":23},"end":{"line":11,"column":27}},{"start":{"line":11,"column":31},"end":{"line":11,"column":51}},{"start":{"line":11,"column":56},"end":{"line":13,"column":1}}],"line":11},"14":{"loc":{"start":{"line":12,"column":11},"end":{"line":12,"column":61}},"type":"cond-expr","locations":[{"start":{"line":12,"column":37},"end":{"line":12,"column":40}},{"start":{"line":12,"column":43},"end":{"line":12,"column":61}}],"line":12},"15":{"loc":{"start":{"line":12,"column":12},"end":{"line":12,"column":33}},"type":"binary-expr","locations":[{"start":{"line":12,"column":12},"end":{"line":12,"column":15}},{"start":{"line":12,"column":19},"end":{"line":12,"column":33}}],"line":12},"16":{"loc":{"start":{"line":50,"column":8},"end":{"line":51,"column":22}},"type":"if","locations":[{"start":{"line":50,"column":8},"end":{"line":51,"column":22}},{"start":{"line":50,"column":8},"end":{"line":51,"column":22}}],"line":50}},"s":{"0":0,"1":0,"2":0,"3":0,"4":0,"5":0,"6":0,"7":0,"8":0,"9":0,"10":0,"11":0,"12":0,"13":0,"14":0,"15":0,"16":0,"17":0,"18":0,"19":0,"20":0,"21":0,"22":0,"23":0,"24":0,"25":0,"26":0,"27":0,"28":0,"29":0,"30":0,"31":0,"32":0,"33":0,"34":0,"35":0,"36":0,"37":0,"38":0,"39":0,"40":0},"f":{"0":0,"1":0,"2":0,"3":0,"4":0,"5":0,"6":0,"7":0,"8":0},"b":{"0":[0,0,0],"1":[0,0],"2":[0,0],"3":[0,0],"4":[0,0],"5":[0,0],"6":[0,0],"7":[0,0],"8":[0,0],"9":[0,0,0],"10":[0,0,0],"11":[0,0],"12":[0,0],"13":[0,0,0],"14":[0,0],"15":[0,0],"16":[0,0]}},"/home/fjorg/Projects/ProjectBD/api/dist/app/repositories/UsuarioRepository.js":{"path":"/home/fjorg/Projects/ProjectBD/api/dist/app/repositories/UsuarioRepository.js","statementMap":{"0":{"start":{"line":2,"column":17},"end":{"line":7,"column":1}},"1":{"start":{"line":3,"column":12},"end":{"line":3,"column":28}},"2":{"start":{"line":3,"column":34},"end":{"line":3,"column":125}},"3":{"start":{"line":4,"column":4},"end":{"line":5,"column":150}},"4":{"start":{"line":4,"column":79},"end":{"line":4,"column":131}},"5":{"start":{"line":5,"column":9},"end":{"line":5,"column":150}},"6":{"start":{"line":5,"column":58},"end":{"line":5,"column":150}},"7":{"start":{"line":5,"column":81},"end":{"line":5,"column":150}},"8":{"start":{"line":6,"column":4},"end":{"line":6,"column":66}},"9":{"start":{"line":8,"column":17},"end":{"line":10,"column":1}},"10":{"start":{"line":9,"column":4},"end":{"line":9,"column":109}},"11":{"start":{"line":9,"column":79},"end":{"line":9,"column":109}},"12":{"start":{"line":11,"column":22},"end":{"line":13,"column":1}},"13":{"start":{"line":12,"column":4},"end":{"line":12,"column":62}},"14":{"start":{"line":14,"column":0},"end":{"line":14,"column":62}},"15":{"start":{"line":15,"column":17},"end":{"line":15,"column":34}},"16":{"start":{"line":16,"column":19},"end":{"line":16,"column":57}},"17":{"start":{"line":17,"column":24},"end":{"line":67,"column":1}},"18":{"start":{"line":19,"column":22},"end":{"line":23,"column":9}},"19":{"start":{"line":24,"column":8},"end":{"line":24,"column":60}},"20":{"start":{"line":27,"column":22},"end":{"line":31,"column":9}},"21":{"start":{"line":32,"column":8},"end":{"line":32,"column":57}},"22":{"start":{"line":35,"column":22},"end":{"line":38,"column":9}},"23":{"start":{"line":39,"column":8},"end":{"line":39,"column":55}},"24":{"start":{"line":42,"column":23},"end":{"line":45,"column":9}},"25":{"start":{"line":46,"column":23},"end":{"line":46,"column":99}},"26":{"start":{"line":47,"column":8},"end":{"line":49,"column":9}},"27":{"start":{"line":48,"column":12},"end":{"line":48,"column":22}},"28":{"start":{"line":50,"column":8},"end":{"line":50,"column":24}},"29":{"start":{"line":53,"column":23},"end":{"line":57,"column":9}},"30":{"start":{"line":58,"column":8},"end":{"line":58,"column":89}},"31":{"start":{"line":61,"column":23},"end":{"line":64,"column":9}},"32":{"start":{"line":65,"column":8},"end":{"line":65,"column":48}},"33":{"start":{"line":68,"column":0},"end":{"line":71,"column":52}},"34":{"start":{"line":72,"column":0},"end":{"line":74,"column":22}},"35":{"start":{"line":75,"column":0},"end":{"line":75,"column":36}}},"fnMap":{"0":{"name":"(anonymous_0)","decl":{"start":{"line":2,"column":46},"end":{"line":2,"column":47}},"loc":{"start":{"line":2,"column":87},"end":{"line":7,"column":1}},"line":2},"1":{"name":"(anonymous_1)","decl":{"start":{"line":8,"column":46},"end":{"line":8,"column":47}},"loc":{"start":{"line":8,"column":62},"end":{"line":10,"column":1}},"line":8},"2":{"name":"(anonymous_2)","decl":{"start":{"line":11,"column":56},"end":{"line":11,"column":57}},"loc":{"start":{"line":11,"column":71},"end":{"line":13,"column":1}},"line":11},"3":{"name":"(anonymous_3)","decl":{"start":{"line":18,"column":4},"end":{"line":18,"column":5}},"loc":{"start":{"line":18,"column":28},"end":{"line":25,"column":5}},"line":18},"4":{"name":"(anonymous_4)","decl":{"start":{"line":26,"column":4},"end":{"line":26,"column":5}},"loc":{"start":{"line":26,"column":22},"end":{"line":33,"column":5}},"line":26},"5":{"name":"(anonymous_5)","decl":{"start":{"line":34,"column":4},"end":{"line":34,"column":5}},"loc":{"start":{"line":34,"column":19},"end":{"line":40,"column":5}},"line":34},"6":{"name":"(anonymous_6)","decl":{"start":{"line":41,"column":4},"end":{"line":41,"column":5}},"loc":{"start":{"line":41,"column":22},"end":{"line":51,"column":5}},"line":41},"7":{"name":"(anonymous_7)","decl":{"start":{"line":52,"column":4},"end":{"line":52,"column":5}},"loc":{"start":{"line":52,"column":29},"end":{"line":59,"column":5}},"line":52},"8":{"name":"(anonymous_8)","decl":{"start":{"line":60,"column":4},"end":{"line":60,"column":5}},"loc":{"start":{"line":60,"column":21},"end":{"line":66,"column":5}},"line":60}},"branchMap":{"0":{"loc":{"start":{"line":2,"column":17},"end":{"line":7,"column":1}},"type":"binary-expr","locations":[{"start":{"line":2,"column":18},"end":{"line":2,"column":22}},{"start":{"line":2,"column":26},"end":{"line":2,"column":41}},{"start":{"line":2,"column":46},"end":{"line":7,"column":1}}],"line":2},"1":{"loc":{"start":{"line":3,"column":34},"end":{"line":3,"column":125}},"type":"cond-expr","locations":[{"start":{"line":3,"column":42},"end":{"line":3,"column":48}},{"start":{"line":3,"column":51},"end":{"line":3,"column":125}}],"line":3},"2":{"loc":{"start":{"line":3,"column":51},"end":{"line":3,"column":125}},"type":"cond-expr","locations":[{"start":{"line":3,"column":67},"end":{"line":3,"column":118}},{"start":{"line":3,"column":121},"end":{"line":3,"column":125}}],"line":3},"3":{"loc":{"start":{"line":4,"column":4},"end":{"line":5,"column":150}},"type":"if","locations":[{"start":{"line":4,"column":4},"end":{"line":5,"column":150}},{"start":{"line":4,"column":4},"end":{"line":5,"column":150}}],"line":4},"4":{"loc":{"start":{"line":4,"column":8},"end":{"line":4,"column":77}},"type":"binary-expr","locations":[{"start":{"line":4,"column":8},"end":{"line":4,"column":35}},{"start":{"line":4,"column":39},"end":{"line":4,"column":77}}],"line":4},"5":{"loc":{"start":{"line":5,"column":58},"end":{"line":5,"column":150}},"type":"if","locations":[{"start":{"line":5,"column":58},"end":{"line":5,"column":150}},{"start":{"line":5,"column":58},"end":{"line":5,"column":150}}],"line":5},"6":{"loc":{"start":{"line":5,"column":85},"end":{"line":5,"column":149}},"type":"binary-expr","locations":[{"start":{"line":5,"column":86},"end":{"line":5,"column":143}},{"start":{"line":5,"column":148},"end":{"line":5,"column":149}}],"line":5},"7":{"loc":{"start":{"line":5,"column":86},"end":{"line":5,"column":143}},"type":"cond-expr","locations":[{"start":{"line":5,"column":94},"end":{"line":5,"column":98}},{"start":{"line":5,"column":101},"end":{"line":5,"column":143}}],"line":5},"8":{"loc":{"start":{"line":5,"column":101},"end":{"line":5,"column":143}},"type":"cond-expr","locations":[{"start":{"line":5,"column":109},"end":{"line":5,"column":126}},{"start":{"line":5,"column":129},"end":{"line":5,"column":143}}],"line":5},"9":{"loc":{"start":{"line":6,"column":11},"end":{"line":6,"column":62}},"type":"binary-expr","locations":[{"start":{"line":6,"column":11},"end":{"line":6,"column":16}},{"start":{"line":6,"column":20},"end":{"line":6,"column":21}},{"start":{"line":6,"column":25},"end":{"line":6,"column":62}}],"line":6},"10":{"loc":{"start":{"line":8,"column":17},"end":{"line":10,"column":1}},"type":"binary-expr","locations":[{"start":{"line":8,"column":18},"end":{"line":8,"column":22}},{"start":{"line":8,"column":26},"end":{"line":8,"column":41}},{"start":{"line":8,"column":46},"end":{"line":10,"column":1}}],"line":8},"11":{"loc":{"start":{"line":9,"column":4},"end":{"line":9,"column":109}},"type":"if","locations":[{"start":{"line":9,"column":4},"end":{"line":9,"column":109}},{"start":{"line":9,"column":4},"end":{"line":9,"column":109}}],"line":9},"12":{"loc":{"start":{"line":9,"column":8},"end":{"line":9,"column":77}},"type":"binary-expr","locations":[{"start":{"line":9,"column":8},"end":{"line":9,"column":35}},{"start":{"line":9,"column":39},"end":{"line":9,"column":77}}],"line":9},"13":{"loc":{"start":{"line":11,"column":22},"end":{"line":13,"column":1}},"type":"binary-expr","locations":[{"start":{"line":11,"column":23},"end":{"line":11,"column":27}},{"start":{"line":11,"column":31},"end":{"line":11,"column":51}},{"start":{"line":11,"column":56},"end":{"line":13,"column":1}}],"line":11},"14":{"loc":{"start":{"line":12,"column":11},"end":{"line":12,"column":61}},"type":"cond-expr","locations":[{"start":{"line":12,"column":37},"end":{"line":12,"column":40}},{"start":{"line":12,"column":43},"end":{"line":12,"column":61}}],"line":12},"15":{"loc":{"start":{"line":12,"column":12},"end":{"line":12,"column":33}},"type":"binary-expr","locations":[{"start":{"line":12,"column":12},"end":{"line":12,"column":15}},{"start":{"line":12,"column":19},"end":{"line":12,"column":33}}],"line":12},"16":{"loc":{"start":{"line":47,"column":8},"end":{"line":49,"column":9}},"type":"if","locations":[{"start":{"line":47,"column":8},"end":{"line":49,"column":9}},{"start":{"line":47,"column":8},"end":{"line":49,"column":9}}],"line":47}},"s":{"0":0,"1":0,"2":0,"3":0,"4":0,"5":0,"6":0,"7":0,"8":0,"9":0,"10":0,"11":0,"12":0,"13":0,"14":0,"15":0,"16":0,"17":0,"18":0,"19":0,"20":0,"21":0,"22":0,"23":0,"24":0,"25":0,"26":0,"27":0,"28":0,"29":0,"30":0,"31":0,"32":0,"33":0,"34":0,"35":0},"f":{"0":0,"1":0,"2":0,"3":0,"4":0,"5":0,"6":0,"7":0,"8":0},"b":{"0":[0,0,0],"1":[0,0],"2":[0,0],"3":[0,0],"4":[0,0],"5":[0,0],"6":[0,0],"7":[0,0],"8":[0,0],"9":[0,0,0],"10":[0,0,0],"11":[0,0],"12":[0,0],"13":[0,0,0],"14":[0,0],"15":[0,0],"16":[0,0]}},"/home/fjorg/Projects/ProjectBD/api/jest.config.js":{"path":"/home/fjorg/Projects/ProjectBD/api/jest.config.js","statementMap":{"0":{"start":{"line":1,"column":0},"end":{"line":13,"column":3}}},"fnMap":{},"branchMap":{},"s":{"0":0},"f":{},"b":{}}}